#
# There is insufficient memory for the Java Runtime Environment to continue.
# Native memory allocation (mmap) failed to map 134217728 bytes. Error detail: G1 virtual space
# Possible reasons:
#   The system is out of physical RAM or swap space
#   This process is running with CompressedOops enabled, and the Java Heap may be blocking the growth of the native heap
# Possible solutions:
#   Reduce memory load on the system
#   Increase physical memory or swap space
#   Check if swap backing store is full
#   Decrease Java heap size (-Xmx/-Xms)
#   Decrease number of Java threads
#   Decrease Java thread stack sizes (-Xss)
#   Set larger code cache with -XX:ReservedCodeCacheSize=
#   JVM is running with Unscaled Compressed Oops mode in which the Java heap is
#     placed in the first 4GB address space. The Java Heap base address is the
#     maximum limit for the native heap growth. Please use -XX:HeapBaseMinAddress
#     to set the Java Heap base and to place the Java Heap above 4GB virtual address.
# This output file may be truncated or incomplete.
#
#  Out of Memory Error (os_windows.cpp:3631), pid=10352, tid=10812
#
# JRE version:  (22.0.2+9) (build )
# Java VM: Java HotSpot(TM) 64-Bit Server VM (22.0.2+9-70, mixed mode, sharing, tiered, compressed oops, compressed class ptrs, g1 gc, windows-amd64)
# No core dump will be written. Minidumps are not enabled by default on client versions of Windows
#

---------------  S U M M A R Y ------------

Command Line: --enable-preview -XX:+ShowCodeDetailsInExceptionMessages NumsPrint

Host: Intel(R) Core(TM) i5-3470 CPU @ 3.20GHz, 4 cores, 7G,  Windows 10 , 64 bit Build 19041 (10.0.19041.4597)
Time: Sat Jul 27 20:41:34 2024 India Standard Time elapsed time: 0.020145 seconds (0d 0h 0m 0s)

---------------  T H R E A D  ---------------

Current thread (0x000001e9345047e0):  JavaThread "Unknown thread" [_thread_in_vm, id=10812, stack(0x0000005652b00000,0x0000005652c00000) (1024K)]

Stack: [0x0000005652b00000,0x0000005652c00000]
Native frames: (J=compiled Java code, j=interpreted, Vv=VM code, C=native code)
V  [jvm.dll+0x6e26e9]  (no source info available)
V  [jvm.dll+0x875753]  (no source info available)
V  [jvm.dll+0x877b7e]  (no source info available)
V  [jvm.dll+0x878253]  (no source info available)
V  [jvm.dll+0x27fc86]  (no source info available)
V  [jvm.dll+0x6ded85]  (no source info available)
V  [jvm.dll+0x6d388a]  (no source info available)
V  [jvm.dll+0x358b8a]  (no source info available)
V  [jvm.dll+0x3610b6]  (no source info available)
V  [jvm.dll+0x3b419e]  (no source info available)
V  [jvm.dll+0x3b4448]  (no source info available)
V  [jvm.dll+0x32c5ec]  (no source info available)
V  [jvm.dll+0x32d258]  (no source info available)
V  [jvm.dll+0x83d5ac]  (no source info available)
V  [jvm.dll+0x3c10d1]  (no source info available)
V  [jvm.dll+0x8264cc]  (no source info available)
V  [jvm.dll+0x45bd5e]  (no source info available)
V  [jvm.dll+0x45dbe1]  (no source info available)
C  [jli.dll+0x52a3]  (no source info available)
C  [ucrtbase.dll+0x21bb2]  (no source info available)
C  [KERNEL32.DLL+0x17374]  (no source info available)
C  [ntdll.dll+0x4cc91]  (no source info available)


---------------  P R O C E S S  ---------------

Threads class SMR info:
_java_thread_list=0x00007ffae005c1c8, length=0, elements={
}

Java Threads: ( => current thread )
Total: 0

Other Threads:
  0x000001e9366c7ab0 WorkerThread "GC Thread#0"                     [id=7668, stack(0x0000005652c00000,0x0000005652d00000) (1024K)]
  0x000001e9366d88d0 ConcurrentGCThread "G1 Main Marker"            [id=10728, stack(0x0000005652d00000,0x0000005652e00000) (1024K)]
  0x000001e9366d9b80 WorkerThread "G1 Conc#0"                       [id=11124, stack(0x0000005652e00000,0x0000005652f00000) (1024K)]

[error occurred during error reporting (printing all threads), id 0xc0000005, EXCEPTION_ACCESS_VIOLATION (0xc0000005) at pc=0x00007ffadf7af517]
VM state: not at safepoint (not fully initialized)

VM Mutex/Monitor currently owned by a thread:  ([mutex/lock_event])
[0x00007ffae00dcc80] Heap_lock - owner thread: 0x000001e9345047e0

Heap address: 0x0000000081c00000, size: 2020 MB, Compressed Oops mode: 32-bit

CDS archive(s) mapped at: [0x0000000000000000-0x0000000000000000-0x0000000000000000), size 0, SharedBaseAddress: 0x0000000800000000, ArchiveRelocationMode: 1.
Narrow klass base: 0x0000000000000000, Narrow klass shift: 0, Narrow klass range: 0x0

GC Precious Log:
 CardTable entry size: 512
 Card Set container configuration: InlinePtr #cards 5 size 8 Array Of Cards #cards 12 size 40 Howl #buckets 4 coarsen threshold 1843 Howl Bitmap #cards 512 size 80 coarsen threshold 460 Card regions per heap region 1 cards per card region 2048

Heap:
 garbage-first heap   total reserved 2068480K, committed 0K, used 0K [0x0000000081c00000, 0x0000000100000000)
  region size 1024K, 0 young (0K), 0 survivors (0K)

[error occurred during error reporting (printing heap information), id 0xc0000005, EXCEPTION_ACCESS_VIOLATION (0xc0000005) at pc=0x00007ffadfbae869]
GC Heap History (0 events):
No events

Dll operation events (1 events):
Event: 0.012 Loaded shared library C:\Program Files\Java\jdk-22\bin\java.dll

Deoptimization events (0 events):
No events

Classes loaded (0 events):
No events

Classes unloaded (0 events):
No events

Classes redefined (0 events):
No events

Internal exceptions (0 events):
No events

ZGC Phase Switch (0 events):
No events

VM Operations (0 events):
No events

Memory protections (0 events):
No events

Nmethod flushes (0 events):
No events

Events (0 events):
No events


Dynamic libraries:
0x00007ff6e34b0000 - 0x00007ff6e34c0000 	C:\Program Files\Java\jdk-22\bin\java.exe
0x00007ffb158b0000 - 0x00007ffb15aa8000 	C:\Windows\SYSTEM32\ntdll.dll
0x00007ffb14660000 - 0x00007ffb14721000 	C:\Windows\System32\KERNEL32.DLL
0x00007ffb135b0000 - 0x00007ffb138a6000 	C:\Windows\System32\KERNELBASE.dll
0x00007ffb12f60000 - 0x00007ffb13060000 	C:\Windows\System32\ucrtbase.dll
0x00007ffb10f20000 - 0x00007ffb10f3b000 	C:\Program Files\Java\jdk-22\bin\VCRUNTIME140.dll
0x00007ffb0ed90000 - 0x00007ffb0eda7000 	C:\Program Files\Java\jdk-22\bin\jli.dll
0x00007ffb148c0000 - 0x00007ffb14a5f000 	C:\Windows\System32\USER32.dll
0x00007ffb138b0000 - 0x00007ffb138d2000 	C:\Windows\System32\win32u.dll
0x00007ffafbf60000 - 0x00007ffafc1fa000 	C:\Windows\WinSxS\amd64_microsoft.windows.common-controls_6595b64144ccf1df_6.0.19041.4355_none_60b8b9eb71f62e16\COMCTL32.dll
0x00007ffb13a80000 - 0x00007ffb13aab000 	C:\Windows\System32\GDI32.dll
0x00007ffb132d0000 - 0x00007ffb133e7000 	C:\Windows\System32\gdi32full.dll
0x00007ffb138e0000 - 0x00007ffb1397e000 	C:\Windows\System32\msvcrt.dll
0x00007ffb13510000 - 0x00007ffb135ad000 	C:\Windows\System32\msvcp_win.dll
0x00007ffb13bc0000 - 0x00007ffb13bef000 	C:\Windows\System32\IMM32.DLL
0x00007ffb0fe10000 - 0x00007ffb0fe1c000 	C:\Program Files\Java\jdk-22\bin\vcruntime140_1.dll
0x00007ffb02e20000 - 0x00007ffb02eae000 	C:\Program Files\Java\jdk-22\bin\msvcp140.dll
0x00007ffadf470000 - 0x00007ffae01b9000 	C:\Program Files\Java\jdk-22\bin\server\jvm.dll
0x00007ffb15690000 - 0x00007ffb15740000 	C:\Windows\System32\ADVAPI32.dll
0x00007ffb13980000 - 0x00007ffb13a20000 	C:\Windows\System32\sechost.dll
0x00007ffb154d0000 - 0x00007ffb155f3000 	C:\Windows\System32\RPCRT4.dll
0x00007ffb13140000 - 0x00007ffb13167000 	C:\Windows\System32\bcrypt.dll
0x00007ffb14af0000 - 0x00007ffb14b5b000 	C:\Windows\System32\WS2_32.dll
0x00007ffb12db0000 - 0x00007ffb12dfb000 	C:\Windows\SYSTEM32\POWRPROF.dll
0x00007ffb042c0000 - 0x00007ffb042e7000 	C:\Windows\SYSTEM32\WINMM.dll
0x00007ffb10ea0000 - 0x00007ffb10eaa000 	C:\Windows\SYSTEM32\VERSION.dll
0x00007ffb12d90000 - 0x00007ffb12da2000 	C:\Windows\SYSTEM32\UMPDC.dll
0x00007ffb11750000 - 0x00007ffb11762000 	C:\Windows\SYSTEM32\kernel.appcore.dll
0x00007ffb0fc90000 - 0x00007ffb0fc9a000 	C:\Program Files\Java\jdk-22\bin\jimage.dll
0x00007ffb01a30000 - 0x00007ffb01c14000 	C:\Windows\SYSTEM32\DBGHELP.DLL
0x00007ffb01060000 - 0x00007ffb01094000 	C:\Windows\SYSTEM32\dbgcore.DLL
0x00007ffb130b0000 - 0x00007ffb13132000 	C:\Windows\System32\bcryptPrimitives.dll
0x00007ffb06680000 - 0x00007ffb0669e000 	C:\Program Files\Java\jdk-22\bin\java.dll
0x00007ffb14c30000 - 0x00007ffb1539c000 	C:\Windows\System32\SHELL32.dll
0x00007ffb14790000 - 0x00007ffb148bb000 	C:\Windows\System32\ole32.dll
0x00007ffb13bf0000 - 0x00007ffb13f43000 	C:\Windows\System32\combase.dll

dbghelp: loaded successfully - version: 4.0.5 - missing functions: none
symbol engine: initialized successfully - sym options: 0x614 - pdb path: .;C:\Program Files\Java\jdk-22\bin;C:\Windows\SYSTEM32;C:\Windows\WinSxS\amd64_microsoft.windows.common-controls_6595b64144ccf1df_6.0.19041.4355_none_60b8b9eb71f62e16;C:\Program Files\Java\jdk-22\bin\server

VM Arguments:
jvm_args: --enable-preview -XX:+ShowCodeDetailsInExceptionMessages 
java_command: NumsPrint
java_class_path (initial): C:\Users\dhand\AppData\Roaming\Code\User\workspaceStorage\8a249f47ae972f4007202459d8a3d798\redhat.java\jdt_ws\java_learn_5969abb1\bin
Launcher Type: SUN_STANDARD

[Global flags]
     intx CICompilerCount                          = 3                                         {product} {ergonomic}
     uint ConcGCThreads                            = 1                                         {product} {ergonomic}
     uint G1ConcRefinementThreads                  = 4                                         {product} {ergonomic}
   size_t G1HeapRegionSize                         = 1048576                                   {product} {ergonomic}
   size_t InitialHeapSize                          = 134217728                                 {product} {ergonomic}
   size_t MarkStackSize                            = 4194304                                   {product} {ergonomic}
   size_t MaxHeapSize                              = 2118123520                                {product} {ergonomic}
   size_t MinHeapDeltaBytes                        = 1048576                                   {product} {ergonomic}
   size_t MinHeapSize                              = 8388608                                   {product} {ergonomic}
    uintx NonNMethodCodeHeapSize                   = 5832780                                {pd product} {ergonomic}
    uintx NonProfiledCodeHeapSize                  = 122912730                              {pd product} {ergonomic}
    uintx ProfiledCodeHeapSize                     = 122912730                              {pd product} {ergonomic}
    uintx ReservedCodeCacheSize                    = 251658240                              {pd product} {ergonomic}
     bool SegmentedCodeCache                       = true                                      {product} {ergonomic}
     bool ShowCodeDetailsInExceptionMessages       = true                                   {manageable} {command line}
   size_t SoftMaxHeapSize                          = 2118123520                             {manageable} {ergonomic}
     bool UseCompressedOops                        = true                           {product lp64_product} {ergonomic}
     bool UseG1GC                                  = true                                      {product} {ergonomic}
     bool UseLargePagesIndividualAllocation        = false                                  {pd product} {ergonomic}

Logging:
Log output configuration:
 #0: stdout all=warning uptime,level,tags foldmultilines=false
 #1: stderr all=off uptime,level,tags foldmultilines=false

Environment Variables:
PATH=C:\Users\dhand\AppData\Local\fnm_multishells\3564_1722093046273;C:\Program Files\Common Files\Oracle\Java\javapath;C:\Python312\Scripts\;C:\Python312\;C:\Python34\;C:\Python34\Scripts;C:\Program Files (x86)\Common Files\Oracle\Java\java8path;C:\Program Files (x86)\Common Files\Oracle\Java\javapath;C:\Windows\system32;C:\Windows;C:\Windows\System32\Wbem;C:\Windows\System32\WindowsPowerShell\v1.0\;C:\Windows\System32\OpenSSH\;C:\Program Files (x86)\Intel\OpenCL SDK\3.0\bin\x86;C:\Program Files (x86)\Intel\OpenCL SDK\3.0\bin\x64;C:\Program Files\nodejs\;C:\ProgramData\chocolatey\bin;C:\Program Files\Git\cmd;C:\Program Files\CMake\bin;C:\Program Files\dotnet\;C:\Users\dhand\AppData\Local\Microsoft\WindowsApps;C:\Users\dhand\AppData\Local\Microsoft\WinGet\Packages\Genymobile.scrcpy_Microsoft.Winget.Source_8wekyb3d8bbwe\scrcpy-win64-v2.3.1;C:\Users\dhand\AppData\Local\Programs\Microsoft VS Code\bin;C:\Users\dhand\AppData\Roaming\npm;C:\Users\dhand\AppData\Local\GitHubDesktop\bin;C:\Users\dhand\AppData\Local\Pandoc\;C:\Users\dhand\AppData\Local\Microsoft\WinGet\Packages\Schniz.fnm_Microsoft.Winget.Source_8wekyb3d8bbwe;C:\Program Files\yt-dlp;C:\Users\dhand\AppData\Local\Microsoft\WinGet\Packages\Gyan.FFmpeg_Microsoft.Winget.Source_8wekyb3d8bbwe\ffmpeg-7.0.1-full_build\bin;C:\Users\dhand\AppData\Local\Programs\oh-my-posh\bin;C:\Users\dhand\.dotnet\tools;'C:\Users\dhand\AppData\Roaming\Python\Python312\Scripts;C:\cygwin64\bin;C:\Program Files (x86)\Nmap
USERNAME=WireBot34
LANG=en_US.UTF-8
OS=Windows_NT
PROCESSOR_IDENTIFIER=Intel64 Family 6 Model 58 Stepping 9, GenuineIntel
TMP=C:\Users\dhand\AppData\Local\Temp
TEMP=C:\Users\dhand\AppData\Local\Temp




Periodic native trim disabled

---------------  S Y S T E M  ---------------

OS:
 Windows 10 , 64 bit Build 19041 (10.0.19041.4597)
OS uptime: 0 days 0:35 hours
Hyper-V role detected

CPU: total 4 (initial active 4) (4 cores per cpu, 1 threads per core) family 6 model 58 stepping 9 microcode 0x21, cx8, cmov, fxsr, mmx, sse, sse2, sse3, ssse3, sse4.1, sse4.2, popcnt, tsc, tscinvbit, avx, aes, erms, clmul, vzeroupper, clflush, hv, rdtscp, f16c
Processor Information for all 4 processors :
  Max Mhz: 3201, Current Mhz: 3201, Mhz Limit: 3201

Memory: 4k page, system-wide physical 8079M (767M free)
TotalPageFile size 8079M (AvailPageFile size 35M)
current process WorkingSet (physical memory assigned to process): 11M, peak: 11M
current process commit charge ("private bytes"): 52M, peak: 180M

vm_info: Java HotSpot(TM) 64-Bit Server VM (22.0.2+9-70) for windows-amd64 JRE (22.0.2+9-70), built on 2024-06-04T16:52:23Z by "mach5one" with MS VC++ 17.6 (VS2022)

END.
