#
# There is insufficient memory for the Java Runtime Environment to continue.
# Native memory allocation (malloc) failed to allocate 860336 bytes. Error detail: Chunk::new
# Possible reasons:
#   The system is out of physical RAM or swap space
#   This process is running with CompressedOops enabled, and the Java Heap may be blocking the growth of the native heap
# Possible solutions:
#   Reduce memory load on the system
#   Increase physical memory or swap space
#   Check if swap backing store is full
#   Decrease Java heap size (-Xmx/-Xms)
#   Decrease number of Java threads
#   Decrease Java thread stack sizes (-Xss)
#   Set larger code cache with -XX:ReservedCodeCacheSize=
#   JVM is running with Unscaled Compressed Oops mode in which the Java heap is
#     placed in the first 4GB address space. The Java Heap base address is the
#     maximum limit for the native heap growth. Please use -XX:HeapBaseMinAddress
#     to set the Java Heap base and to place the Java Heap above 4GB virtual address.
# This output file may be truncated or incomplete.
#
#  Out of Memory Error (arena.cpp:191), pid=6100, tid=11284
#
# JRE version: OpenJDK Runtime Environment Temurin-17.0.11+9 (17.0.11+9) (build 17.0.11+9)
# Java VM: OpenJDK 64-Bit Server VM Temurin-17.0.11+9 (17.0.11+9, mixed mode, tiered, compressed oops, compressed class ptrs, parallel gc, windows-amd64)
# No core dump will be written. Minidumps are not enabled by default on client versions of Windows
#

---------------  S U M M A R Y ------------

Command Line: --add-modules=ALL-SYSTEM --add-opens=java.base/java.util=ALL-UNNAMED --add-opens=java.base/java.lang=ALL-UNNAMED --add-opens=java.base/sun.nio.fs=ALL-UNNAMED -Declipse.application=org.eclipse.jdt.ls.core.id1 -Dosgi.bundles.defaultStartLevel=4 -Declipse.product=org.eclipse.jdt.ls.core.product -Djava.import.generatesMetadataFilesAtProjectRoot=false -DDetectVMInstallationsJob.disabled=true -Dfile.encoding=utf8 -XX:+UseParallelGC -XX:GCTimeRatio=4 -XX:AdaptiveSizePolicyWeight=90 -Dsun.zip.disableMemoryMapping=true -Xmx1G -Xms100m -Xlog:disable -javaagent:c:\Users\dhand\.vscode\extensions\redhat.java-1.32.0-win32-x64\lombok\lombok-1.18.33.jar c:\Users\dhand\.vscode\extensions\redhat.java-1.32.0-win32-x64\server\plugins\org.eclipse.equinox.launcher_1.6.900.v20240613-2009.jar -configuration c:\Users\dhand\AppData\Roaming\Code\User\globalStorage\redhat.java\1.32.0\config_ss_win -data c:\Users\dhand\AppData\Roaming\Code\User\workspaceStorage\8a249f47ae972f4007202459d8a3d798\redhat.java\ss_ws --pipe=\\.\pipe\lsp-b3b14fc564807c727d3c1d9106d10d7a-sock

Host: Intel(R) Core(TM) i5-3470 CPU @ 3.20GHz, 4 cores, 7G,  Windows 10 , 64 bit Build 19041 (10.0.19041.4597)
Time: Sat Jul 27 20:47:31 2024 India Standard Time elapsed time: 2.758244 seconds (0d 0h 0m 2s)

---------------  T H R E A D  ---------------

Current thread (0x00000234267b75f0):  JavaThread "C2 CompilerThread1" daemon [_thread_in_native, id=11284, stack(0x00000059c5d00000,0x00000059c5e00000)]


Current CompileTask:
C2:   2758 2364       4       org.lombokweb.asm.ClassReader::readMethod (1066 bytes)

Stack: [0x00000059c5d00000,0x00000059c5e00000]
Native frames: (J=compiled Java code, j=interpreted, Vv=VM code, C=native code)
V  [jvm.dll+0x67d429]
V  [jvm.dll+0x834b7a]
V  [jvm.dll+0x83663e]
V  [jvm.dll+0x836ca3]
V  [jvm.dll+0x247dbf]
V  [jvm.dll+0xac534]
V  [jvm.dll+0xacb7c]
V  [jvm.dll+0x2af2cf]
V  [jvm.dll+0x5848b7]
V  [jvm.dll+0x222d82]
V  [jvm.dll+0x22317f]
V  [jvm.dll+0x21c2a0]
V  [jvm.dll+0x2197a1]
V  [jvm.dll+0x1a534d]
V  [jvm.dll+0x2295cd]
V  [jvm.dll+0x22779c]
V  [jvm.dll+0x7e9d07]
V  [jvm.dll+0x7e410a]
V  [jvm.dll+0x67c315]
C  [ucrtbase.dll+0x21bb2]
C  [KERNEL32.DLL+0x17374]
C  [ntdll.dll+0x4cc91]


---------------  P R O C E S S  ---------------

Threads class SMR info:
_java_thread_list=0x00000234267b6d70, length=21, elements={
0x000002340a7d4de0, 0x000002340a889390, 0x000002340a88aeb0, 0x00000234205bb270,
0x00000234205bc0f0, 0x00000234205bf620, 0x00000234205c3480, 0x00000234205c8d30,
0x00000234205c96f0, 0x00000234205d3710, 0x000002340a8380d0, 0x0000023425b88050,
0x000002342650bbd0, 0x000002342661f950, 0x000002342661f010, 0x0000023426245aa0,
0x0000023425a2f310, 0x0000023426301920, 0x0000023426301e30, 0x0000023426302d60,
0x00000234267b75f0
}

Java Threads: ( => current thread )
  0x000002340a7d4de0 JavaThread "main" [_thread_blocked, id=2320, stack(0x00000059c4300000,0x00000059c4400000)]
  0x000002340a889390 JavaThread "Reference Handler" daemon [_thread_blocked, id=8100, stack(0x00000059c4600000,0x00000059c4700000)]
  0x000002340a88aeb0 JavaThread "Finalizer" daemon [_thread_blocked, id=4440, stack(0x00000059c4700000,0x00000059c4800000)]
  0x00000234205bb270 JavaThread "Signal Dispatcher" daemon [_thread_blocked, id=9724, stack(0x00000059c4800000,0x00000059c4900000)]
  0x00000234205bc0f0 JavaThread "Attach Listener" daemon [_thread_blocked, id=11696, stack(0x00000059c4900000,0x00000059c4a00000)]
  0x00000234205bf620 JavaThread "Service Thread" daemon [_thread_blocked, id=8576, stack(0x00000059c4a00000,0x00000059c4b00000)]
  0x00000234205c3480 JavaThread "Monitor Deflation Thread" daemon [_thread_blocked, id=1888, stack(0x00000059c4b00000,0x00000059c4c00000)]
  0x00000234205c8d30 JavaThread "C2 CompilerThread0" daemon [_thread_in_native, id=11124, stack(0x00000059c4c00000,0x00000059c4d00000)]
  0x00000234205c96f0 JavaThread "C1 CompilerThread0" daemon [_thread_blocked, id=6376, stack(0x00000059c4d00000,0x00000059c4e00000)]
  0x00000234205d3710 JavaThread "Sweeper thread" daemon [_thread_blocked, id=10208, stack(0x00000059c4e00000,0x00000059c4f00000)]
  0x000002340a8380d0 JavaThread "Common-Cleaner" daemon [_thread_blocked, id=520, stack(0x00000059c4f00000,0x00000059c5000000)]
  0x0000023425b88050 JavaThread "Notification Thread" daemon [_thread_blocked, id=136, stack(0x00000059c5000000,0x00000059c5100000)]
  0x000002342650bbd0 JavaThread "Active Thread: Equinox Container: 29282c17-952e-4eea-b6c9-dd048dd4cbc1" [_thread_blocked, id=5332, stack(0x00000059c5600000,0x00000059c5700000)]
  0x000002342661f950 JavaThread "Framework Event Dispatcher: Equinox Container: 29282c17-952e-4eea-b6c9-dd048dd4cbc1" daemon [_thread_blocked, id=6380, stack(0x00000059c5700000,0x00000059c5800000)]
  0x000002342661f010 JavaThread "Start Level: Equinox Container: 29282c17-952e-4eea-b6c9-dd048dd4cbc1" daemon [_thread_in_vm, id=7740, stack(0x00000059c5800000,0x00000059c5900000)]
  0x0000023426245aa0 JavaThread "SCR Component Actor" daemon [_thread_blocked, id=4348, stack(0x00000059c5900000,0x00000059c5a00000)]
  0x0000023425a2f310 JavaThread "SCR Component Registry" daemon [_thread_blocked, id=5560, stack(0x00000059c5200000,0x00000059c5300000)]
  0x0000023426301920 JavaThread "Worker-JM" [_thread_blocked, id=8472, stack(0x00000059c5a00000,0x00000059c5b00000)]
  0x0000023426301e30 JavaThread "Worker-0" [_thread_blocked, id=7884, stack(0x00000059c5b00000,0x00000059c5c00000)]
  0x0000023426302d60 JavaThread "Worker-1" [_thread_blocked, id=5012, stack(0x00000059c5c00000,0x00000059c5d00000)]
=>0x00000234267b75f0 JavaThread "C2 CompilerThread1" daemon [_thread_in_native, id=11284, stack(0x00000059c5d00000,0x00000059c5e00000)]

Other Threads:
  0x0000023420586850 VMThread "VM Thread" [stack: 0x00000059c4500000,0x00000059c4600000] [id=2680]
  0x0000023425a812b0 WatcherThread [stack: 0x00000059c5100000,0x00000059c5200000] [id=6352]
  0x000002340a7eb230 GCTaskThread "GC Thread#0" [stack: 0x00000059c4400000,0x00000059c4500000] [id=11340]
  0x0000023425c6a2f0 GCTaskThread "GC Thread#1" [stack: 0x00000059c5300000,0x00000059c5400000] [id=7736]
  0x0000023425c6a9c0 GCTaskThread "GC Thread#2" [stack: 0x00000059c5400000,0x00000059c5500000] [id=9220]
  0x0000023425c6ac80 GCTaskThread "GC Thread#3" [stack: 0x00000059c5500000,0x00000059c5600000] [id=4600]

Threads with active compile tasks:
C2 CompilerThread0     2786 2394       4       lombok.patcher.PatchScript$MethodPatcher::visitMethod (158 bytes)
C2 CompilerThread1     2786 2364       4       org.lombokweb.asm.ClassReader::readMethod (1066 bytes)

VM state: not at safepoint (normal execution)

VM Mutex/Monitor currently owned by a thread: None

Heap address: 0x00000000c0000000, size: 1024 MB, Compressed Oops mode: 32-bit

CDS archive(s) not mapped
Compressed class space mapped at: 0x0000000100000000-0x0000000140000000, reserved size: 1073741824
Narrow klass base: 0x0000000000000000, Narrow klass shift: 3, Narrow klass range: 0x140000000

GC Precious Log:
 CPUs: 4 total, 4 available
 Memory: 8079M
 Large Page Support: Disabled
 NUMA Support: Disabled
 Compressed Oops: Enabled (32-bit)
 Alignments: Space 512K, Generation 512K, Heap 2M
 Heap Min Capacity: 100M
 Heap Initial Capacity: 100M
 Heap Max Capacity: 1G
 Pre-touch: Disabled
 Parallel Workers: 4

Heap:
 PSYoungGen      total 26112K, used 16060K [0x00000000eab00000, 0x00000000ec880000, 0x0000000100000000)
  eden space 25088K, 60% used [0x00000000eab00000,0x00000000eb9c52d8,0x00000000ec380000)
  from space 1024K, 91% used [0x00000000ec400000,0x00000000ec4ea0c8,0x00000000ec500000)
  to   space 2560K, 0% used [0x00000000ec600000,0x00000000ec600000,0x00000000ec880000)
 ParOldGen       total 68608K, used 6640K [0x00000000c0000000, 0x00000000c4300000, 0x00000000eab00000)
  object space 68608K, 9% used [0x00000000c0000000,0x00000000c067c0a8,0x00000000c4300000)
 Metaspace       used 26258K, committed 26752K, reserved 1114112K
  class space    used 2577K, committed 2816K, reserved 1048576K

Card table byte_map: [0x000002341de80000,0x000002341e090000] _byte_map_base: 0x000002341d880000

Marking Bits: (ParMarkBitMap*) 0x00007ffadf8fd820
 Begin Bits: [0x000002341e1f0000, 0x000002341f1f0000)
 End Bits:   [0x000002341f1f0000, 0x00000234201f0000)

Polling page: 0x000002340a620000

Metaspace:

Usage:
  Non-class:     23.13 MB used.
      Class:      2.52 MB used.
       Both:     25.64 MB used.

Virtual space:
  Non-class space:       64.00 MB reserved,      23.38 MB ( 37%) committed,  1 nodes.
      Class space:        1.00 GB reserved,       2.75 MB ( <1%) committed,  1 nodes.
             Both:        1.06 GB reserved,      26.12 MB (  2%) committed. 

Chunk freelists:
   Non-Class:  8.52 MB
       Class:  13.20 MB
        Both:  21.72 MB

MaxMetaspaceSize: unlimited
CompressedClassSpaceSize: 1.00 GB
Initial GC threshold: 21.00 MB
Current GC threshold: 35.00 MB
CDS: off
MetaspaceReclaimPolicy: balanced
 - commit_granule_bytes: 65536.
 - commit_granule_words: 8192.
 - virtual_space_node_default_size: 8388608.
 - enlarge_chunks_in_place: 1.
 - new_chunks_are_fully_committed: 0.
 - uncommit_free_chunks: 1.
 - use_allocation_guard: 0.
 - handle_deallocations: 1.


Internal statistics:

num_allocs_failed_limit: 3.
num_arena_births: 282.
num_arena_deaths: 14.
num_vsnodes_births: 2.
num_vsnodes_deaths: 0.
num_space_committed: 418.
num_space_uncommitted: 0.
num_chunks_returned_to_freelist: 17.
num_chunks_taken_from_freelist: 981.
num_chunk_merges: 5.
num_chunk_splits: 641.
num_chunks_enlarged: 443.
num_inconsistent_stats: 0.

CodeHeap 'non-profiled nmethods': size=120000Kb used=951Kb max_used=951Kb free=119048Kb
 bounds [0x0000023416770000, 0x00000234169e0000, 0x000002341dca0000]
CodeHeap 'profiled nmethods': size=120000Kb used=4774Kb max_used=4774Kb free=115225Kb
 bounds [0x000002340eca0000, 0x000002340f150000, 0x00000234161d0000]
CodeHeap 'non-nmethods': size=5760Kb used=1224Kb max_used=1238Kb free=4535Kb
 bounds [0x00000234161d0000, 0x0000023416440000, 0x0000023416770000]
 total_blobs=2931 nmethods=2395 adapters=450
 compilation: enabled
              stopped_count=0, restarted_count=0
 full_count=0

Compilation events (20 events):
Event: 2.712 Thread 0x00000234205c96f0 nmethod 2376 0x000002340f13c510 code [0x000002340f13c6c0, 0x000002340f13c888]
Event: 2.712 Thread 0x00000234205c8d30 2377   !   4       java.util.WeakHashMap::expungeStaleEntries (139 bytes)
Event: 2.715 Thread 0x00000234205c8d30 nmethod 2377 0x000002341685b610 code [0x000002341685b7a0, 0x000002341685bb48]
Event: 2.715 Thread 0x00000234205c8d30 2378       4       java.util.WeakHashMap::hash (28 bytes)
Event: 2.716 Thread 0x00000234205c8d30 nmethod 2378 0x000002341685bd10 code [0x000002341685bea0, 0x000002341685bfb8]
Event: 2.735 Thread 0x00000234205c8d30 2379   !   4       org.eclipse.osgi.internal.loader.BundleLoader::getModuleClassLoader (196 bytes)
Event: 2.740 Thread 0x00000234205c8d30 nmethod 2379 0x000002341685c090 code [0x000002341685c240, 0x000002341685c7b8]
Event: 2.741 Thread 0x00000234205c96f0 2380       1       lombok.patcher.MethodLogistics::getReturnOpcode (5 bytes)
Event: 2.741 Thread 0x00000234205c96f0 nmethod 2380 0x000002341685cc90 code [0x000002341685ce20, 0x000002341685cef8]
Event: 2.741 Thread 0x00000234205c96f0 2381       3       org.lombokweb.asm.ByteVector::put11 (52 bytes)
Event: 2.741 Thread 0x00000234205c96f0 nmethod 2381 0x000002340f13c990 code [0x000002340f13cb40, 0x000002340f13cd48]
Event: 2.741 Thread 0x00000234205c96f0 2383       3       org.lombokweb.asm.MethodWriter::visitLabel (332 bytes)
Event: 2.742 Thread 0x00000234205c96f0 nmethod 2383 0x000002340f13ce90 code [0x000002340f13d0c0, 0x000002340f13da18]
Event: 2.742 Thread 0x00000234205c96f0 2382       3       org.lombokweb.asm.Label::put (83 bytes)
Event: 2.742 Thread 0x00000234205c96f0 nmethod 2382 0x000002340f13dc90 code [0x000002340f13dea0, 0x000002340f13e2d8]
Event: 2.742 Thread 0x00000234205c96f0 2384       3       org.lombokweb.asm.MethodVisitor::visitInsn (16 bytes)
Event: 2.742 Thread 0x00000234205c96f0 nmethod 2384 0x000002340f13e490 code [0x000002340f13e640, 0x000002340f13e848]
Event: 2.746 Thread 0x00000234205c8d30 2385       4       java.util.ArrayList::isEmpty (13 bytes)
Event: 2.746 Thread 0x00000234205c8d30 nmethod 2385 0x000002341685cf90 code [0x000002341685d100, 0x000002341685d198]
Event: 2.755 Thread 0x00000234205c8d30 2386   !   4       org.eclipse.osgi.container.ModuleRevisions::getCurrentRevision (56 bytes)

GC Heap History (12 events):
Event: 0.996 GC heap before
{Heap before GC invocations=1 (full 0):
 PSYoungGen      total 29696K, used 25600K [0x00000000eab00000, 0x00000000ecc00000, 0x0000000100000000)
  eden space 25600K, 100% used [0x00000000eab00000,0x00000000ec400000,0x00000000ec400000)
  from space 4096K, 0% used [0x00000000ec800000,0x00000000ec800000,0x00000000ecc00000)
  to   space 4096K, 0% used [0x00000000ec400000,0x00000000ec400000,0x00000000ec800000)
 ParOldGen       total 68608K, used 0K [0x00000000c0000000, 0x00000000c4300000, 0x00000000eab00000)
  object space 68608K, 0% used [0x00000000c0000000,0x00000000c0000000,0x00000000c4300000)
 Metaspace       used 10986K, committed 11200K, reserved 1114112K
  class space    used 1094K, committed 1216K, reserved 1048576K
}
Event: 1.003 GC heap after
{Heap after GC invocations=1 (full 0):
 PSYoungGen      total 29696K, used 3149K [0x00000000eab00000, 0x00000000ecc00000, 0x0000000100000000)
  eden space 25600K, 0% used [0x00000000eab00000,0x00000000eab00000,0x00000000ec400000)
  from space 4096K, 76% used [0x00000000ec400000,0x00000000ec7136f0,0x00000000ec800000)
  to   space 4096K, 0% used [0x00000000ec800000,0x00000000ec800000,0x00000000ecc00000)
 ParOldGen       total 68608K, used 16K [0x00000000c0000000, 0x00000000c4300000, 0x00000000eab00000)
  object space 68608K, 0% used [0x00000000c0000000,0x00000000c0004000,0x00000000c4300000)
 Metaspace       used 10986K, committed 11200K, reserved 1114112K
  class space    used 1094K, committed 1216K, reserved 1048576K
}
Event: 1.626 GC heap before
{Heap before GC invocations=2 (full 0):
 PSYoungGen      total 29696K, used 28749K [0x00000000eab00000, 0x00000000ecc00000, 0x0000000100000000)
  eden space 25600K, 100% used [0x00000000eab00000,0x00000000ec400000,0x00000000ec400000)
  from space 4096K, 76% used [0x00000000ec400000,0x00000000ec7136f0,0x00000000ec800000)
  to   space 4096K, 0% used [0x00000000ec800000,0x00000000ec800000,0x00000000ecc00000)
 ParOldGen       total 68608K, used 16K [0x00000000c0000000, 0x00000000c4300000, 0x00000000eab00000)
  object space 68608K, 0% used [0x00000000c0000000,0x00000000c0004000,0x00000000c4300000)
 Metaspace       used 14695K, committed 14912K, reserved 1114112K
  class space    used 1487K, committed 1600K, reserved 1048576K
}
Event: 1.633 GC heap after
{Heap after GC invocations=2 (full 0):
 PSYoungGen      total 29696K, used 4067K [0x00000000eab00000, 0x00000000ecc00000, 0x0000000100000000)
  eden space 25600K, 0% used [0x00000000eab00000,0x00000000eab00000,0x00000000ec400000)
  from space 4096K, 99% used [0x00000000ec800000,0x00000000ecbf8f28,0x00000000ecc00000)
  to   space 4096K, 0% used [0x00000000ec400000,0x00000000ec400000,0x00000000ec800000)
 ParOldGen       total 68608K, used 777K [0x00000000c0000000, 0x00000000c4300000, 0x00000000eab00000)
  object space 68608K, 1% used [0x00000000c0000000,0x00000000c00c2558,0x00000000c4300000)
 Metaspace       used 14695K, committed 14912K, reserved 1114112K
  class space    used 1487K, committed 1600K, reserved 1048576K
}
Event: 2.127 GC heap before
{Heap before GC invocations=3 (full 0):
 PSYoungGen      total 29696K, used 29667K [0x00000000eab00000, 0x00000000ecc00000, 0x0000000100000000)
  eden space 25600K, 100% used [0x00000000eab00000,0x00000000ec400000,0x00000000ec400000)
  from space 4096K, 99% used [0x00000000ec800000,0x00000000ecbf8f28,0x00000000ecc00000)
  to   space 4096K, 0% used [0x00000000ec400000,0x00000000ec400000,0x00000000ec800000)
 ParOldGen       total 68608K, used 777K [0x00000000c0000000, 0x00000000c4300000, 0x00000000eab00000)
  object space 68608K, 1% used [0x00000000c0000000,0x00000000c00c2558,0x00000000c4300000)
 Metaspace       used 19736K, committed 20096K, reserved 1114112K
  class space    used 2013K, committed 2176K, reserved 1048576K
}
Event: 2.135 GC heap after
{Heap after GC invocations=3 (full 0):
 PSYoungGen      total 29696K, used 4078K [0x00000000eab00000, 0x00000000ecc00000, 0x0000000100000000)
  eden space 25600K, 0% used [0x00000000eab00000,0x00000000eab00000,0x00000000ec400000)
  from space 4096K, 99% used [0x00000000ec400000,0x00000000ec7fb828,0x00000000ec800000)
  to   space 4096K, 0% used [0x00000000ec800000,0x00000000ec800000,0x00000000ecc00000)
 ParOldGen       total 68608K, used 2493K [0x00000000c0000000, 0x00000000c4300000, 0x00000000eab00000)
  object space 68608K, 3% used [0x00000000c0000000,0x00000000c026f5d8,0x00000000c4300000)
 Metaspace       used 19736K, committed 20096K, reserved 1114112K
  class space    used 2013K, committed 2176K, reserved 1048576K
}
Event: 2.297 GC heap before
{Heap before GC invocations=4 (full 0):
 PSYoungGen      total 29696K, used 11533K [0x00000000eab00000, 0x00000000ecc00000, 0x0000000100000000)
  eden space 25600K, 29% used [0x00000000eab00000,0x00000000eb247be8,0x00000000ec400000)
  from space 4096K, 99% used [0x00000000ec400000,0x00000000ec7fb828,0x00000000ec800000)
  to   space 4096K, 0% used [0x00000000ec800000,0x00000000ec800000,0x00000000ecc00000)
 ParOldGen       total 68608K, used 2493K [0x00000000c0000000, 0x00000000c4300000, 0x00000000eab00000)
  object space 68608K, 3% used [0x00000000c0000000,0x00000000c026f5d8,0x00000000c4300000)
 Metaspace       used 21053K, committed 21504K, reserved 1114112K
  class space    used 2151K, committed 2368K, reserved 1048576K
}
Event: 2.301 GC heap after
{Heap after GC invocations=4 (full 0):
 PSYoungGen      total 29696K, used 4090K [0x00000000eab00000, 0x00000000ecc00000, 0x0000000100000000)
  eden space 25600K, 0% used [0x00000000eab00000,0x00000000eab00000,0x00000000ec400000)
  from space 4096K, 99% used [0x00000000ec800000,0x00000000ecbfeaf0,0x00000000ecc00000)
  to   space 4096K, 0% used [0x00000000ec400000,0x00000000ec400000,0x00000000ec800000)
 ParOldGen       total 68608K, used 2653K [0x00000000c0000000, 0x00000000c4300000, 0x00000000eab00000)
  object space 68608K, 3% used [0x00000000c0000000,0x00000000c02975d8,0x00000000c4300000)
 Metaspace       used 21053K, committed 21504K, reserved 1114112K
  class space    used 2151K, committed 2368K, reserved 1048576K
}
Event: 2.301 GC heap before
{Heap before GC invocations=5 (full 1):
 PSYoungGen      total 29696K, used 4090K [0x00000000eab00000, 0x00000000ecc00000, 0x0000000100000000)
  eden space 25600K, 0% used [0x00000000eab00000,0x00000000eab00000,0x00000000ec400000)
  from space 4096K, 99% used [0x00000000ec800000,0x00000000ecbfeaf0,0x00000000ecc00000)
  to   space 4096K, 0% used [0x00000000ec400000,0x00000000ec400000,0x00000000ec800000)
 ParOldGen       total 68608K, used 2653K [0x00000000c0000000, 0x00000000c4300000, 0x00000000eab00000)
  object space 68608K, 3% used [0x00000000c0000000,0x00000000c02975d8,0x00000000c4300000)
 Metaspace       used 21053K, committed 21504K, reserved 1114112K
  class space    used 2151K, committed 2368K, reserved 1048576K
}
Event: 2.327 GC heap after
{Heap after GC invocations=5 (full 1):
 PSYoungGen      total 29696K, used 0K [0x00000000eab00000, 0x00000000ecc00000, 0x0000000100000000)
  eden space 25600K, 0% used [0x00000000eab00000,0x00000000eab00000,0x00000000ec400000)
  from space 4096K, 0% used [0x00000000ec800000,0x00000000ec800000,0x00000000ecc00000)
  to   space 4096K, 0% used [0x00000000ec400000,0x00000000ec400000,0x00000000ec800000)
 ParOldGen       total 68608K, used 6632K [0x00000000c0000000, 0x00000000c4300000, 0x00000000eab00000)
  object space 68608K, 9% used [0x00000000c0000000,0x00000000c067a0a8,0x00000000c4300000)
 Metaspace       used 21040K, committed 21504K, reserved 1114112K
  class space    used 2148K, committed 2368K, reserved 1048576K
}
Event: 2.591 GC heap before
{Heap before GC invocations=6 (full 1):
 PSYoungGen      total 29696K, used 25600K [0x00000000eab00000, 0x00000000ecc00000, 0x0000000100000000)
  eden space 25600K, 100% used [0x00000000eab00000,0x00000000ec400000,0x00000000ec400000)
  from space 4096K, 0% used [0x00000000ec800000,0x00000000ec800000,0x00000000ecc00000)
  to   space 4096K, 0% used [0x00000000ec400000,0x00000000ec400000,0x00000000ec800000)
 ParOldGen       total 68608K, used 6632K [0x00000000c0000000, 0x00000000c4300000, 0x00000000eab00000)
  object space 68608K, 9% used [0x00000000c0000000,0x00000000c067a0a8,0x00000000c4300000)
 Metaspace       used 24091K, committed 24576K, reserved 1114112K
  class space    used 2394K, committed 2624K, reserved 1048576K
}
Event: 2.592 GC heap after
{Heap after GC invocations=6 (full 1):
 PSYoungGen      total 26112K, used 936K [0x00000000eab00000, 0x00000000ec880000, 0x0000000100000000)
  eden space 25088K, 0% used [0x00000000eab00000,0x00000000eab00000,0x00000000ec380000)
  from space 1024K, 91% used [0x00000000ec400000,0x00000000ec4ea0c8,0x00000000ec500000)
  to   space 2560K, 0% used [0x00000000ec600000,0x00000000ec600000,0x00000000ec880000)
 ParOldGen       total 68608K, used 6640K [0x00000000c0000000, 0x00000000c4300000, 0x00000000eab00000)
  object space 68608K, 9% used [0x00000000c0000000,0x00000000c067c0a8,0x00000000c4300000)
 Metaspace       used 24091K, committed 24576K, reserved 1114112K
  class space    used 2394K, committed 2624K, reserved 1048576K
}

Dll operation events (9 events):
Event: 0.010 Loaded shared library c:\Users\dhand\.vscode\extensions\redhat.java-1.32.0-win32-x64\jre\17.0.11-win32-x86_64\bin\java.dll
Event: 0.194 Loaded shared library c:\Users\dhand\.vscode\extensions\redhat.java-1.32.0-win32-x64\jre\17.0.11-win32-x86_64\bin\zip.dll
Event: 0.197 Loaded shared library C:\Users\dhand\.vscode\extensions\redhat.java-1.32.0-win32-x64\jre\17.0.11-win32-x86_64\bin\instrument.dll
Event: 0.212 Loaded shared library C:\Users\dhand\.vscode\extensions\redhat.java-1.32.0-win32-x64\jre\17.0.11-win32-x86_64\bin\net.dll
Event: 0.214 Loaded shared library C:\Users\dhand\.vscode\extensions\redhat.java-1.32.0-win32-x64\jre\17.0.11-win32-x86_64\bin\nio.dll
Event: 0.224 Loaded shared library C:\Users\dhand\.vscode\extensions\redhat.java-1.32.0-win32-x64\jre\17.0.11-win32-x86_64\bin\zip.dll
Event: 0.246 Loaded shared library C:\Users\dhand\.vscode\extensions\redhat.java-1.32.0-win32-x64\jre\17.0.11-win32-x86_64\bin\jimage.dll
Event: 0.326 Loaded shared library c:\Users\dhand\.vscode\extensions\redhat.java-1.32.0-win32-x64\jre\17.0.11-win32-x86_64\bin\verify.dll
Event: 1.531 Loaded shared library C:\Users\dhand\AppData\Roaming\Code\User\globalStorage\redhat.java\1.32.0\config_ss_win\org.eclipse.equinox.launcher\org.eclipse.equinox.launcher.win32.win32.x86_64_1.2.1100.v20240613-2013\eclipse_11903.dll

Deoptimization events (20 events):
Event: 2.222 Thread 0x000002342661f010 Uncommon trap: trap_request=0xffffff45 fr.pc=0x0000023416806c40 relative=0x0000000000000040
Event: 2.222 Thread 0x000002342661f010 Uncommon trap: reason=unstable_if action=reinterpret pc=0x0000023416806c40 method=sun.nio.fs.WindowsPathParser.isSlash(C)Z @ 9 c2
Event: 2.222 Thread 0x000002342661f010 DEOPT PACKING pc=0x0000023416806c40 sp=0x00000059c58f8f60
Event: 2.222 Thread 0x000002342661f010 DEOPT UNPACKING pc=0x00000234162266a3 sp=0x00000059c58f8ee8 mode 2
Event: 2.332 Thread 0x000002342661f010 Uncommon trap: trap_request=0xffffff45 fr.pc=0x00000234167bb374 relative=0x0000000000000074
Event: 2.332 Thread 0x000002342661f010 Uncommon trap: reason=unstable_if action=reinterpret pc=0x00000234167bb374 method=jdk.internal.misc.Unsafe.convEndian(ZJ)J @ 4 c2
Event: 2.332 Thread 0x000002342661f010 DEOPT PACKING pc=0x00000234167bb374 sp=0x00000059c58f7940
Event: 2.332 Thread 0x000002342661f010 DEOPT UNPACKING pc=0x00000234162266a3 sp=0x00000059c58f7868 mode 2
Event: 2.347 Thread 0x000002342661f010 Uncommon trap: trap_request=0xffffff45 fr.pc=0x000002341679bd48 relative=0x0000000000000048
Event: 2.347 Thread 0x000002342661f010 Uncommon trap: reason=unstable_if action=reinterpret pc=0x000002341679bd48 method=java.lang.CharacterData.of(I)Ljava/lang/CharacterData; @ 4 c2
Event: 2.347 Thread 0x000002342661f010 DEOPT PACKING pc=0x000002341679bd48 sp=0x00000059c58f88b0
Event: 2.347 Thread 0x000002342661f010 DEOPT UNPACKING pc=0x00000234162266a3 sp=0x00000059c58f8848 mode 2
Event: 2.740 Thread 0x000002342661f010 Uncommon trap: trap_request=0xffffff45 fr.pc=0x0000023416858114 relative=0x0000000000000114
Event: 2.740 Thread 0x000002342661f010 Uncommon trap: reason=unstable_if action=reinterpret pc=0x0000023416858114 method=org.lombokweb.asm.ByteVector.putByteArray([BII)Lorg/lombokweb/asm/ByteVector; @ 20 c2
Event: 2.740 Thread 0x000002342661f010 DEOPT PACKING pc=0x0000023416858114 sp=0x00000059c58eea60
Event: 2.740 Thread 0x000002342661f010 DEOPT UNPACKING pc=0x00000234162266a3 sp=0x00000059c58eea30 mode 2
Event: 2.740 Thread 0x000002342661f010 Uncommon trap: trap_request=0xffffff45 fr.pc=0x0000023416858728 relative=0x0000000000000308
Event: 2.740 Thread 0x000002342661f010 Uncommon trap: reason=unstable_if action=reinterpret pc=0x0000023416858728 method=org.lombokweb.asm.Label.resolve([BLorg/lombokweb/asm/ByteVector;I)Z @ 81 c2
Event: 2.740 Thread 0x000002342661f010 DEOPT PACKING pc=0x0000023416858728 sp=0x00000059c58eeae0
Event: 2.740 Thread 0x000002342661f010 DEOPT UNPACKING pc=0x00000234162266a3 sp=0x00000059c58ee9e8 mode 2

Classes unloaded (7 events):
Event: 2.306 Thread 0x0000023420586850 Unloading class 0x0000000100216400 'java/lang/invoke/LambdaForm$MH+0x0000000100216400'
Event: 2.306 Thread 0x0000023420586850 Unloading class 0x0000000100216000 'java/lang/invoke/LambdaForm$MH+0x0000000100216000'
Event: 2.306 Thread 0x0000023420586850 Unloading class 0x0000000100215c00 'java/lang/invoke/LambdaForm$MH+0x0000000100215c00'
Event: 2.306 Thread 0x0000023420586850 Unloading class 0x0000000100215800 'java/lang/invoke/LambdaForm$MH+0x0000000100215800'
Event: 2.306 Thread 0x0000023420586850 Unloading class 0x0000000100215400 'java/lang/invoke/LambdaForm$BMH+0x0000000100215400'
Event: 2.306 Thread 0x0000023420586850 Unloading class 0x0000000100215000 'java/lang/invoke/LambdaForm$DMH+0x0000000100215000'
Event: 2.306 Thread 0x0000023420586850 Unloading class 0x0000000100210400 'java/lang/invoke/LambdaForm$DMH+0x0000000100210400'

Classes redefined (0 events):
No events

Internal exceptions (20 events):
Event: 2.050 Thread 0x000002342661f010 Exception <a 'java/lang/NoSuchMethodError'{0x00000000ec0d2d18}: 'java.lang.Object java.lang.invoke.DirectMethodHandle$Holder.invokeStatic(java.lang.Object, java.lang.Object, java.lang.Object, java.lang.Object, int)'> (0x00000000ec0d2d18) 
thrown [s\src\hotspot\share\interpreter\linkResolver.cpp, line 759]
Event: 2.052 Thread 0x000002342661f010 Exception <a 'java/lang/NoSuchMethodError'{0x00000000ec0ded10}: 'java.lang.Object java.lang.invoke.DelegatingMethodHandle$Holder.reinvoke_L(java.lang.Object, java.lang.Object, java.lang.Object, java.lang.Object, int, int)'> (0x00000000ec0ded10) 
thrown [s\src\hotspot\share\interpreter\linkResolver.cpp, line 759]
Event: 2.053 Thread 0x000002342661f010 Exception <a 'java/lang/NoSuchMethodError'{0x00000000ec0f37f8}: 'java.lang.Object java.lang.invoke.Invokers$Holder.invokeExact_MT(java.lang.Object, java.lang.Object, java.lang.Object, java.lang.Object)'> (0x00000000ec0f37f8) 
thrown [s\src\hotspot\share\interpreter\linkResolver.cpp, line 759]
Event: 2.120 Thread 0x000002342661f010 Exception <a 'java/io/FileNotFoundException'{0x00000000ec383d20}> (0x00000000ec383d20) 
thrown [s\src\hotspot\share\prims\jni.cpp, line 516]
Event: 2.121 Thread 0x000002342661f010 Exception <a 'java/io/FileNotFoundException'{0x00000000ec38b250}> (0x00000000ec38b250) 
thrown [s\src\hotspot\share\prims\jni.cpp, line 516]
Event: 2.200 Thread 0x000002342661f010 Exception <a 'java/lang/NoSuchMethodError'{0x00000000eadbe380}: 'java.lang.Object java.lang.invoke.DirectMethodHandle$Holder.newInvokeSpecial(java.lang.Object, java.lang.Object, java.lang.Object, java.lang.Object, java.lang.Object)'> (0x00000000eadbe380) 
thrown [s\src\hotspot\share\interpreter\linkResolver.cpp, line 759]
Event: 2.233 Thread 0x000002342661f010 Exception <a 'java/lang/NoSuchMethodError'{0x00000000eaf30878}: 'java.lang.Object java.lang.invoke.DirectMethodHandle$Holder.invokeStaticInit(java.lang.Object, int)'> (0x00000000eaf30878) 
thrown [s\src\hotspot\share\interpreter\linkResolver.cpp, line 759]
Event: 2.282 Thread 0x000002342661f010 Exception <a 'java/lang/NoSuchMethodError'{0x00000000eb1544e8}: 'java.lang.Object java.lang.invoke.DirectMethodHandle$Holder.invokeSpecial(java.lang.Object, java.lang.Object, java.lang.Object, long, java.lang.Object)'> (0x00000000eb1544e8) 
thrown [s\src\hotspot\share\interpreter\linkResolver.cpp, line 759]
Event: 2.283 Thread 0x000002342661f010 Exception <a 'java/lang/NoSuchMethodError'{0x00000000eb15c6a0}: 'java.lang.Object java.lang.invoke.DirectMethodHandle$Holder.newInvokeSpecial(java.lang.Object, java.lang.Object, java.lang.Object, long)'> (0x00000000eb15c6a0) 
thrown [s\src\hotspot\share\interpreter\linkResolver.cpp, line 759]
Event: 2.283 Thread 0x000002342661f010 Exception <a 'java/lang/NoSuchMethodError'{0x00000000eb160c40}: 'java.lang.Object java.lang.invoke.DirectMethodHandle$Holder.invokeSpecial(java.lang.Object, java.lang.Object, java.lang.Object, java.lang.Object, long)'> (0x00000000eb160c40) 
thrown [s\src\hotspot\share\interpreter\linkResolver.cpp, line 759]
Event: 2.283 Thread 0x000002342661f010 Exception <a 'java/lang/NoSuchMethodError'{0x00000000eb164ab8}: 'java.lang.Object java.lang.invoke.Invokers$Holder.linkToTargetMethod(java.lang.Object, java.lang.Object, long, java.lang.Object)'> (0x00000000eb164ab8) 
thrown [s\src\hotspot\share\interpreter\linkResolver.cpp, line 759]
Event: 2.291 Thread 0x000002342661f010 Exception <a 'java/lang/NoSuchMethodError'{0x00000000eb1d85e0}: 'int java.lang.invoke.DirectMethodHandle$Holder.invokeStaticInit(java.lang.Object, java.lang.Object, java.lang.Object)'> (0x00000000eb1d85e0) 
thrown [s\src\hotspot\share\interpreter\linkResolver.cpp, line 759]
Event: 2.359 Thread 0x000002342661f010 Exception <a 'java/lang/IncompatibleClassChangeError'{0x00000000ead43678}: Found class java.lang.Object, but interface was expected> (0x00000000ead43678) 
thrown [s\src\hotspot\share\interpreter\linkResolver.cpp, line 826]
Event: 2.369 Thread 0x000002342661f010 Exception <a 'java/lang/NoSuchMethodError'{0x00000000ead62548}: 'java.lang.Object java.lang.invoke.DirectMethodHandle$Holder.invokeSpecial(java.lang.Object, java.lang.Object, java.lang.Object, int, java.lang.Object, java.lang.Object)'> (0x00000000ead62548) 
thrown [s\src\hotspot\share\interpreter\linkResolver.cpp, line 759]
Event: 2.370 Thread 0x000002342661f010 Exception <a 'java/lang/NoSuchMethodError'{0x00000000ead6acd0}: 'java.lang.Object java.lang.invoke.DirectMethodHandle$Holder.newInvokeSpecial(java.lang.Object, java.lang.Object, java.lang.Object, int, java.lang.Object)'> (0x00000000ead6acd0) 
thrown [s\src\hotspot\share\interpreter\linkResolver.cpp, line 759]
Event: 2.370 Thread 0x000002342661f010 Exception <a 'java/lang/NoSuchMethodError'{0x00000000ead6f128}: 'java.lang.Object java.lang.invoke.DirectMethodHandle$Holder.invokeSpecial(java.lang.Object, java.lang.Object, java.lang.Object, java.lang.Object, int, java.lang.Object)'> (0x00000000ead6f128) 
thrown [s\src\hotspot\share\interpreter\linkResolver.cpp, line 759]
Event: 2.372 Thread 0x0000023426301e30 Exception <a 'java/lang/NoSuchMethodError'{0x00000000ead9ee60}: 'java.lang.Object java.lang.invoke.DirectMethodHandle$Holder.invokeSpecial(java.lang.Object, java.lang.Object, int, java.lang.Object, java.lang.Object)'> (0x00000000ead9ee60) 
thrown [s\src\hotspot\share\interpreter\linkResolver.cpp, line 759]
Event: 2.373 Thread 0x0000023426301e30 Exception <a 'java/lang/NoSuchMethodError'{0x00000000eada6530}: 'java.lang.Object java.lang.invoke.DirectMethodHandle$Holder.newInvokeSpecial(java.lang.Object, java.lang.Object, int, java.lang.Object)'> (0x00000000eada6530) 
thrown [s\src\hotspot\share\interpreter\linkResolver.cpp, line 759]
Event: 2.374 Thread 0x0000023426301e30 Exception <a 'java/lang/NoSuchMethodError'{0x00000000eadaa040}: 'java.lang.Object java.lang.invoke.DirectMethodHandle$Holder.invokeSpecial(java.lang.Object, java.lang.Object, java.lang.Object, int, java.lang.Object)'> (0x00000000eadaa040) 
thrown [s\src\hotspot\share\interpreter\linkResolver.cpp, line 759]
Event: 2.740 Thread 0x000002342661f010 Implicit null exception at 0x0000023416858048 to 0x00000234168580f8

VM Operations (20 events):
Event: 1.606 Executing VM operation: HandshakeAllThreads
Event: 1.606 Executing VM operation: HandshakeAllThreads done
Event: 1.626 Executing VM operation: ParallelGCFailedAllocation
Event: 1.633 Executing VM operation: ParallelGCFailedAllocation done
Event: 1.930 Executing VM operation: HandshakeAllThreads
Event: 1.930 Executing VM operation: HandshakeAllThreads done
Event: 2.041 Executing VM operation: HandshakeAllThreads
Event: 2.041 Executing VM operation: HandshakeAllThreads done
Event: 2.127 Executing VM operation: ParallelGCFailedAllocation
Event: 2.135 Executing VM operation: ParallelGCFailedAllocation done
Event: 2.297 Executing VM operation: CollectForMetadataAllocation
Event: 2.327 Executing VM operation: CollectForMetadataAllocation done
Event: 2.332 Executing VM operation: HandshakeAllThreads
Event: 2.332 Executing VM operation: HandshakeAllThreads done
Event: 2.348 Executing VM operation: HandshakeAllThreads
Event: 2.348 Executing VM operation: HandshakeAllThreads done
Event: 2.384 Executing VM operation: HandshakeAllThreads
Event: 2.384 Executing VM operation: HandshakeAllThreads done
Event: 2.591 Executing VM operation: ParallelGCFailedAllocation
Event: 2.592 Executing VM operation: ParallelGCFailedAllocation done

Events (20 events):
Event: 2.434 loading class java/io/StringReader done
Event: 2.438 loading class java/util/zip/GZIPInputStream
Event: 2.438 loading class java/util/zip/GZIPInputStream done
Event: 2.441 loading class java/net/SocketTimeoutException
Event: 2.441 loading class java/io/InterruptedIOException
Event: 2.441 loading class java/io/InterruptedIOException done
Event: 2.441 loading class java/net/SocketTimeoutException done
Event: 2.441 loading class java/net/SocketException
Event: 2.441 loading class java/net/SocketException done
Event: 2.441 loading class java/net/UnknownHostException
Event: 2.441 loading class java/net/UnknownHostException done
Event: 2.441 loading class java/net/ProtocolException
Event: 2.441 loading class java/net/ProtocolException done
Event: 2.457 loading class java/lang/ThreadLocal$SuppliedThreadLocal
Event: 2.457 loading class java/lang/ThreadLocal$SuppliedThreadLocal done
Event: 2.465 loading class java/io/FileWriter
Event: 2.465 loading class java/io/FileWriter done
Event: 2.466 loading class java/lang/NegativeArraySizeException
Event: 2.466 loading class java/lang/NegativeArraySizeException done
Event: 2.518 Thread 0x00000234267b75f0 Thread added: 0x00000234267b75f0


Dynamic libraries:
0x00007ff7a0ee0000 - 0x00007ff7a0eee000 	c:\Users\dhand\.vscode\extensions\redhat.java-1.32.0-win32-x64\jre\17.0.11-win32-x86_64\bin\java.exe
0x00007ffb158b0000 - 0x00007ffb15aa8000 	C:\Windows\SYSTEM32\ntdll.dll
0x00007ffb14660000 - 0x00007ffb14721000 	C:\Windows\System32\KERNEL32.DLL
0x00007ffb135b0000 - 0x00007ffb138a6000 	C:\Windows\System32\KERNELBASE.dll
0x00007ffb12f60000 - 0x00007ffb13060000 	C:\Windows\System32\ucrtbase.dll
0x00007ffb0cc50000 - 0x00007ffb0cc67000 	c:\Users\dhand\.vscode\extensions\redhat.java-1.32.0-win32-x64\jre\17.0.11-win32-x86_64\bin\jli.dll
0x00007ffb06680000 - 0x00007ffb0669b000 	c:\Users\dhand\.vscode\extensions\redhat.java-1.32.0-win32-x64\jre\17.0.11-win32-x86_64\bin\VCRUNTIME140.dll
0x00007ffb148c0000 - 0x00007ffb14a5f000 	C:\Windows\System32\USER32.dll
0x00007ffafbf60000 - 0x00007ffafc1fa000 	C:\Windows\WinSxS\amd64_microsoft.windows.common-controls_6595b64144ccf1df_6.0.19041.4355_none_60b8b9eb71f62e16\COMCTL32.dll
0x00007ffb138e0000 - 0x00007ffb1397e000 	C:\Windows\System32\msvcrt.dll
0x00007ffb13a80000 - 0x00007ffb13aab000 	C:\Windows\System32\GDI32.dll
0x00007ffb132d0000 - 0x00007ffb133e7000 	C:\Windows\System32\gdi32full.dll
0x00007ffb13510000 - 0x00007ffb135ad000 	C:\Windows\System32\msvcp_win.dll
0x00007ffb138b0000 - 0x00007ffb138d2000 	C:\Windows\System32\win32u.dll
0x00007ffb13bc0000 - 0x00007ffb13bef000 	C:\Windows\System32\IMM32.DLL
0x00007ffb10740000 - 0x00007ffb1074c000 	c:\Users\dhand\.vscode\extensions\redhat.java-1.32.0-win32-x64\jre\17.0.11-win32-x86_64\bin\vcruntime140_1.dll
0x00007ffafbb70000 - 0x00007ffafbbfd000 	c:\Users\dhand\.vscode\extensions\redhat.java-1.32.0-win32-x64\jre\17.0.11-win32-x86_64\bin\msvcp140.dll
0x00007ffaded60000 - 0x00007ffadf9c2000 	c:\Users\dhand\.vscode\extensions\redhat.java-1.32.0-win32-x64\jre\17.0.11-win32-x86_64\bin\server\jvm.dll
0x00007ffb15690000 - 0x00007ffb15740000 	C:\Windows\System32\ADVAPI32.dll
0x00007ffb13980000 - 0x00007ffb13a20000 	C:\Windows\System32\sechost.dll
0x00007ffb154d0000 - 0x00007ffb155f3000 	C:\Windows\System32\RPCRT4.dll
0x00007ffb13140000 - 0x00007ffb13167000 	C:\Windows\System32\bcrypt.dll
0x00007ffb12db0000 - 0x00007ffb12dfb000 	C:\Windows\SYSTEM32\POWRPROF.dll
0x00007ffb01f80000 - 0x00007ffb01f89000 	C:\Windows\SYSTEM32\WSOCK32.dll
0x00007ffb14af0000 - 0x00007ffb14b5b000 	C:\Windows\System32\WS2_32.dll
0x00007ffb042c0000 - 0x00007ffb042e7000 	C:\Windows\SYSTEM32\WINMM.dll
0x00007ffb10ea0000 - 0x00007ffb10eaa000 	C:\Windows\SYSTEM32\VERSION.dll
0x00007ffb12d90000 - 0x00007ffb12da2000 	C:\Windows\SYSTEM32\UMPDC.dll
0x00007ffb11750000 - 0x00007ffb11762000 	C:\Windows\SYSTEM32\kernel.appcore.dll
0x00007ffb0fc90000 - 0x00007ffb0fc9a000 	c:\Users\dhand\.vscode\extensions\redhat.java-1.32.0-win32-x64\jre\17.0.11-win32-x86_64\bin\jimage.dll
0x00007ffb01a30000 - 0x00007ffb01c14000 	C:\Windows\SYSTEM32\DBGHELP.DLL
0x00007ffb01060000 - 0x00007ffb01094000 	C:\Windows\SYSTEM32\dbgcore.DLL
0x00007ffb130b0000 - 0x00007ffb13132000 	C:\Windows\System32\bcryptPrimitives.dll
0x00007ffb0fc60000 - 0x00007ffb0fc6e000 	c:\Users\dhand\.vscode\extensions\redhat.java-1.32.0-win32-x64\jre\17.0.11-win32-x86_64\bin\instrument.dll
0x00007ffb053f0000 - 0x00007ffb05415000 	c:\Users\dhand\.vscode\extensions\redhat.java-1.32.0-win32-x64\jre\17.0.11-win32-x86_64\bin\java.dll
0x00007ffb06010000 - 0x00007ffb06028000 	c:\Users\dhand\.vscode\extensions\redhat.java-1.32.0-win32-x64\jre\17.0.11-win32-x86_64\bin\zip.dll
0x00007ffb14c30000 - 0x00007ffb1539c000 	C:\Windows\System32\SHELL32.dll
0x00007ffb10fa0000 - 0x00007ffb1173e000 	C:\Windows\SYSTEM32\windows.storage.dll
0x00007ffb13bf0000 - 0x00007ffb13f43000 	C:\Windows\System32\combase.dll
0x00007ffb127d0000 - 0x00007ffb127fe000 	C:\Windows\SYSTEM32\Wldp.dll
0x00007ffb14b60000 - 0x00007ffb14c2d000 	C:\Windows\System32\OLEAUT32.dll
0x00007ffb153a0000 - 0x00007ffb1544d000 	C:\Windows\System32\SHCORE.dll
0x00007ffb13ab0000 - 0x00007ffb13b05000 	C:\Windows\System32\shlwapi.dll
0x00007ffb12e90000 - 0x00007ffb12eb4000 	C:\Windows\SYSTEM32\profapi.dll
0x00007ffb05fd0000 - 0x00007ffb05fe9000 	C:\Users\dhand\.vscode\extensions\redhat.java-1.32.0-win32-x64\jre\17.0.11-win32-x86_64\bin\net.dll
0x00007ffb0d880000 - 0x00007ffb0d98a000 	C:\Windows\SYSTEM32\WINHTTP.dll
0x00007ffb125b0000 - 0x00007ffb1261a000 	C:\Windows\system32\mswsock.dll
0x00007ffb05720000 - 0x00007ffb05736000 	C:\Users\dhand\.vscode\extensions\redhat.java-1.32.0-win32-x64\jre\17.0.11-win32-x86_64\bin\nio.dll
0x00007ffb0da60000 - 0x00007ffb0da70000 	c:\Users\dhand\.vscode\extensions\redhat.java-1.32.0-win32-x64\jre\17.0.11-win32-x86_64\bin\verify.dll
0x00007ffaff100000 - 0x00007ffaff144000 	C:\Users\dhand\AppData\Roaming\Code\User\globalStorage\redhat.java\1.32.0\config_ss_win\org.eclipse.equinox.launcher\org.eclipse.equinox.launcher.win32.win32.x86_64_1.2.1100.v20240613-2013\eclipse_11903.dll
0x00007ffb14790000 - 0x00007ffb148bb000 	C:\Windows\System32\ole32.dll

dbghelp: loaded successfully - version: 4.0.5 - missing functions: none
symbol engine: initialized successfully - sym options: 0x614 - pdb path: .;c:\Users\dhand\.vscode\extensions\redhat.java-1.32.0-win32-x64\jre\17.0.11-win32-x86_64\bin;C:\Windows\SYSTEM32;C:\Windows\WinSxS\amd64_microsoft.windows.common-controls_6595b64144ccf1df_6.0.19041.4355_none_60b8b9eb71f62e16;c:\Users\dhand\.vscode\extensions\redhat.java-1.32.0-win32-x64\jre\17.0.11-win32-x86_64\bin\server;C:\Users\dhand\AppData\Roaming\Code\User\globalStorage\redhat.java\1.32.0\config_ss_win\org.eclipse.equinox.launcher\org.eclipse.equinox.launcher.win32.win32.x86_64_1.2.1100.v20240613-2013

VM Arguments:
jvm_args: --add-modules=ALL-SYSTEM --add-opens=java.base/java.util=ALL-UNNAMED --add-opens=java.base/java.lang=ALL-UNNAMED --add-opens=java.base/sun.nio.fs=ALL-UNNAMED -Declipse.application=org.eclipse.jdt.ls.core.id1 -Dosgi.bundles.defaultStartLevel=4 -Declipse.product=org.eclipse.jdt.ls.core.product -Djava.import.generatesMetadataFilesAtProjectRoot=false -DDetectVMInstallationsJob.disabled=true -Dfile.encoding=utf8 -XX:+UseParallelGC -XX:GCTimeRatio=4 -XX:AdaptiveSizePolicyWeight=90 -Dsun.zip.disableMemoryMapping=true -Xmx1G -Xms100m -Xlog:disable -javaagent:c:\Users\dhand\.vscode\extensions\redhat.java-1.32.0-win32-x64\lombok\lombok-1.18.33.jar 
java_command: c:\Users\dhand\.vscode\extensions\redhat.java-1.32.0-win32-x64\server\plugins\org.eclipse.equinox.launcher_1.6.900.v20240613-2009.jar -configuration c:\Users\dhand\AppData\Roaming\Code\User\globalStorage\redhat.java\1.32.0\config_ss_win -data c:\Users\dhand\AppData\Roaming\Code\User\workspaceStorage\8a249f47ae972f4007202459d8a3d798\redhat.java\ss_ws --pipe=\\.\pipe\lsp-b3b14fc564807c727d3c1d9106d10d7a-sock
java_class_path (initial): c:\Users\dhand\.vscode\extensions\redhat.java-1.32.0-win32-x64\server\plugins\org.eclipse.equinox.launcher_1.6.900.v20240613-2009.jar
Launcher Type: SUN_STANDARD

[Global flags]
    uintx AdaptiveSizePolicyWeight                 = 90                                        {product} {command line}
     intx CICompilerCount                          = 3                                         {product} {ergonomic}
    uintx GCTimeRatio                              = 4                                         {product} {command line}
   size_t InitialHeapSize                          = 104857600                                 {product} {command line}
   size_t MaxHeapSize                              = 1073741824                                {product} {command line}
   size_t MaxNewSize                               = 357564416                                 {product} {ergonomic}
   size_t MinHeapDeltaBytes                        = 524288                                    {product} {ergonomic}
   size_t MinHeapSize                              = 104857600                                 {product} {command line}
   size_t NewSize                                  = 34603008                                  {product} {ergonomic}
    uintx NonNMethodCodeHeapSize                   = 5832780                                {pd product} {ergonomic}
    uintx NonProfiledCodeHeapSize                  = 122912730                              {pd product} {ergonomic}
   size_t OldSize                                  = 70254592                                  {product} {ergonomic}
    uintx ProfiledCodeHeapSize                     = 122912730                              {pd product} {ergonomic}
    uintx ReservedCodeCacheSize                    = 251658240                              {pd product} {ergonomic}
     bool SegmentedCodeCache                       = true                                      {product} {ergonomic}
   size_t SoftMaxHeapSize                          = 1073741824                             {manageable} {ergonomic}
     bool UseCompressedClassPointers               = true                           {product lp64_product} {ergonomic}
     bool UseCompressedOops                        = true                           {product lp64_product} {ergonomic}
     bool UseLargePagesIndividualAllocation        = false                                  {pd product} {ergonomic}
     bool UseParallelGC                            = true                                      {product} {command line}

Logging:
Log output configuration:
 #0: stdout all=off uptime,level,tags
 #1: stderr all=off uptime,level,tags

Environment Variables:
PATH=C:\Program Files\Common Files\Oracle\Java\javapath;C:\Python312\Scripts\;C:\Python312\;C:\Python34\;C:\Python34\Scripts;C:\Program Files (x86)\Common Files\Oracle\Java\java8path;C:\Program Files (x86)\Common Files\Oracle\Java\javapath;C:\Windows\system32;C:\Windows;C:\Windows\System32\Wbem;C:\Windows\System32\WindowsPowerShell\v1.0\;C:\Windows\System32\OpenSSH\;C:\Program Files (x86)\Intel\OpenCL SDK\3.0\bin\x86;C:\Program Files (x86)\Intel\OpenCL SDK\3.0\bin\x64;C:\Program Files\nodejs\;C:\ProgramData\chocolatey\bin;C:\Program Files\Git\cmd;C:\Program Files\CMake\bin;C:\Program Files\dotnet\;C:\Users\dhand\AppData\Local\Microsoft\WindowsApps;C:\Users\dhand\AppData\Local\Microsoft\WinGet\Packages\Genymobile.scrcpy_Microsoft.Winget.Source_8wekyb3d8bbwe\scrcpy-win64-v2.3.1;C:\Users\dhand\AppData\Local\Programs\Microsoft VS Code\bin;C:\Users\dhand\AppData\Roaming\npm;C:\Users\dhand\AppData\Local\GitHubDesktop\bin;C:\Users\dhand\AppData\Local\Pandoc\;C:\Users\dhand\AppData\Local\Microsoft\WinGet\Packages\Schniz.fnm_Microsoft.Winget.Source_8wekyb3d8bbwe;C:\Program Files\yt-dlp;C:\Users\dhand\AppData\Local\Microsoft\WinGet\Packages\Gyan.FFmpeg_Microsoft.Winget.Source_8wekyb3d8bbwe\ffmpeg-7.0.1-full_build\bin;C:\Users\dhand\AppData\Local\Programs\oh-my-posh\bin;C:\Users\dhand\.dotnet\tools;'C:\Users\dhand\AppData\Roaming\Python\Python312\Scripts;C:\cygwin64\bin;C:\Program Files (x86)\Nmap
USERNAME=WireBot34
OS=Windows_NT
PROCESSOR_IDENTIFIER=Intel64 Family 6 Model 58 Stepping 9, GenuineIntel
TMP=C:\Users\dhand\AppData\Local\Temp
TEMP=C:\Users\dhand\AppData\Local\Temp



Periodic native trim disabled


---------------  S Y S T E M  ---------------

OS:
 Windows 10 , 64 bit Build 19041 (10.0.19041.4597)
OS uptime: 0 days 0:41 hours
Hyper-V role detected

CPU: total 4 (initial active 4) (4 cores per cpu, 1 threads per core) family 6 model 58 stepping 9 microcode 0x21, cx8, cmov, fxsr, mmx, sse, sse2, sse3, ssse3, sse4.1, sse4.2, popcnt, tsc, tscinvbit, avx, aes, erms, clmul, vzeroupper, clflush, hv
Processor Information for all 4 processors :
  Max Mhz: 3201, Current Mhz: 3201, Mhz Limit: 3201

Memory: 4k page, system-wide physical 8079M (820M free)
TotalPageFile size 8079M (AvailPageFile size 3M)
current process WorkingSet (physical memory assigned to process): 122M, peak: 122M
current process commit charge ("private bytes"): 217M, peak: 217M

vm_info: OpenJDK 64-Bit Server VM (17.0.11+9) for windows-amd64 JRE (17.0.11+9), built on Apr 17 2024 06:07:48 by "admin" with MS VC++ 16.10 / 16.11 (VS2019)

END.
