#
# There is insufficient memory for the Java Runtime Environment to continue.
# Native memory allocation (malloc) failed to allocate 1191696 bytes. Error detail: Chunk::new
# Possible reasons:
#   The system is out of physical RAM or swap space
#   This process is running with CompressedOops enabled, and the Java Heap may be blocking the growth of the native heap
# Possible solutions:
#   Reduce memory load on the system
#   Increase physical memory or swap space
#   Check if swap backing store is full
#   Decrease Java heap size (-Xmx/-Xms)
#   Decrease number of Java threads
#   Decrease Java thread stack sizes (-Xss)
#   Set larger code cache with -XX:ReservedCodeCacheSize=
#   JVM is running with Unscaled Compressed Oops mode in which the Java heap is
#     placed in the first 4GB address space. The Java Heap base address is the
#     maximum limit for the native heap growth. Please use -XX:HeapBaseMinAddress
#     to set the Java Heap base and to place the Java Heap above 4GB virtual address.
# This output file may be truncated or incomplete.
#
#  Out of Memory Error (arena.cpp:191), pid=6116, tid=6088
#
# JRE version: OpenJDK Runtime Environment Temurin-17.0.11+9 (17.0.11+9) (build 17.0.11+9)
# Java VM: OpenJDK 64-Bit Server VM Temurin-17.0.11+9 (17.0.11+9, mixed mode, tiered, compressed oops, compressed class ptrs, parallel gc, windows-amd64)
# No core dump will be written. Minidumps are not enabled by default on client versions of Windows
#

---------------  S U M M A R Y ------------

Command Line: --add-modules=ALL-SYSTEM --add-opens=java.base/java.util=ALL-UNNAMED --add-opens=java.base/java.lang=ALL-UNNAMED --add-opens=java.base/sun.nio.fs=ALL-UNNAMED -Declipse.application=org.eclipse.jdt.ls.core.id1 -Dosgi.bundles.defaultStartLevel=4 -Declipse.product=org.eclipse.jdt.ls.core.product -Djava.import.generatesMetadataFilesAtProjectRoot=false -DDetectVMInstallationsJob.disabled=true -Dfile.encoding=utf8 -XX:+UseParallelGC -XX:GCTimeRatio=4 -XX:AdaptiveSizePolicyWeight=90 -Dsun.zip.disableMemoryMapping=true -Xmx1G -Xms100m -Xlog:disable -javaagent:c:\Users\dhand\.vscode\extensions\redhat.java-1.32.0-win32-x64\lombok\lombok-1.18.33.jar c:\Users\dhand\.vscode\extensions\redhat.java-1.32.0-win32-x64\server\plugins\org.eclipse.equinox.launcher_1.6.900.v20240613-2009.jar -configuration c:\Users\dhand\AppData\Roaming\Code\User\globalStorage\redhat.java\1.32.0\config_ss_win -data c:\Users\dhand\AppData\Roaming\Code\User\workspaceStorage\8a249f47ae972f4007202459d8a3d798\redhat.java\ss_ws --pipe=\\.\pipe\lsp-caf875e98b7ae08884e6874797763a7f-sock

Host: Intel(R) Core(TM) i5-3470 CPU @ 3.20GHz, 4 cores, 7G,  Windows 10 , 64 bit Build 19041 (10.0.19041.4597)
Time: Sat Jul 27 20:47:28 2024 India Standard Time elapsed time: 6.544243 seconds (0d 0h 0m 6s)

---------------  T H R E A D  ---------------

Current thread (0x00000173d1c07a40):  JavaThread "C2 CompilerThread1" daemon [_thread_in_native, id=6088, stack(0x000000028c700000,0x000000028c800000)]


Current CompileTask:
C2:   6544 3540   !   4       org.eclipse.osgi.internal.loader.classpath.ClasspathManager::findLocalClass (210 bytes)

Stack: [0x000000028c700000,0x000000028c800000]
Native frames: (J=compiled Java code, j=interpreted, Vv=VM code, C=native code)
V  [jvm.dll+0x67d429]
V  [jvm.dll+0x834b7a]
V  [jvm.dll+0x83663e]
V  [jvm.dll+0x836ca3]
V  [jvm.dll+0x247dbf]
V  [jvm.dll+0xac534]
V  [jvm.dll+0xacb7c]
V  [jvm.dll+0x2af2cf]
V  [jvm.dll+0x5848b7]
V  [jvm.dll+0x222d82]
V  [jvm.dll+0x22317f]
V  [jvm.dll+0x21c2a0]
V  [jvm.dll+0x2197a1]
V  [jvm.dll+0x1a534d]
V  [jvm.dll+0x2295cd]
V  [jvm.dll+0x22779c]
V  [jvm.dll+0x7e9d07]
V  [jvm.dll+0x7e410a]
V  [jvm.dll+0x67c315]
C  [ucrtbase.dll+0x21bb2]
C  [KERNEL32.DLL+0x17374]
C  [ntdll.dll+0x4cc91]


---------------  P R O C E S S  ---------------

Threads class SMR info:
_java_thread_list=0x00000173d2a65120, length=32, elements={
0x00000173b6cff740, 0x00000173b6db8cd0, 0x00000173b6dba570, 0x00000173cab6a280,
0x00000173cab6b100, 0x00000173cab6dd90, 0x00000173cab6fb60, 0x00000173cab70900,
0x00000173cfce53a0, 0x00000173cfce8070, 0x00000173cfdca380, 0x00000173cff05a60,
0x00000173d08c4020, 0x00000173d0853b60, 0x00000173d0854040, 0x00000173d0852300,
0x00000173d088f060, 0x00000173d0a934c0, 0x00000173d0a94e10, 0x00000173d0a94900,
0x00000173d0a93ee0, 0x00000173d0a95320, 0x00000173d0a95830, 0x00000173d0a943f0,
0x00000173d0a92080, 0x00000173d0a92590, 0x00000173d0a92aa0, 0x00000173d17cdec0,
0x00000173d17cfd20, 0x00000173d17d1b80, 0x00000173d17cd9b0, 0x00000173d1c07a40
}

Java Threads: ( => current thread )
  0x00000173b6cff740 JavaThread "main" [_thread_blocked, id=10236, stack(0x0000000289f00000,0x000000028a000000)]
  0x00000173b6db8cd0 JavaThread "Reference Handler" daemon [_thread_blocked, id=6072, stack(0x000000028a200000,0x000000028a300000)]
  0x00000173b6dba570 JavaThread "Finalizer" daemon [_thread_blocked, id=10612, stack(0x000000028a300000,0x000000028a400000)]
  0x00000173cab6a280 JavaThread "Signal Dispatcher" daemon [_thread_blocked, id=12232, stack(0x000000028a500000,0x000000028a600000)]
  0x00000173cab6b100 JavaThread "Attach Listener" daemon [_thread_blocked, id=11688, stack(0x000000028a600000,0x000000028a700000)]
  0x00000173cab6dd90 JavaThread "Service Thread" daemon [_thread_blocked, id=4552, stack(0x000000028a700000,0x000000028a800000)]
  0x00000173cab6fb60 JavaThread "Monitor Deflation Thread" daemon [_thread_blocked, id=9196, stack(0x000000028a800000,0x000000028a900000)]
  0x00000173cab70900 JavaThread "C2 CompilerThread0" daemon [_thread_blocked, id=9792, stack(0x000000028a900000,0x000000028aa00000)]
  0x00000173cfce53a0 JavaThread "C1 CompilerThread0" daemon [_thread_blocked, id=8312, stack(0x000000028aa00000,0x000000028ab00000)]
  0x00000173cfce8070 JavaThread "Sweeper thread" daemon [_thread_blocked, id=9152, stack(0x000000028ab00000,0x000000028ac00000)]
  0x00000173cfdca380 JavaThread "Common-Cleaner" daemon [_thread_blocked, id=4168, stack(0x000000028ac00000,0x000000028ad00000)]
  0x00000173cff05a60 JavaThread "Notification Thread" daemon [_thread_blocked, id=5192, stack(0x000000028ad00000,0x000000028ae00000)]
  0x00000173d08c4020 JavaThread "Active Thread: Equinox Container: d100de49-7293-47e8-b5b8-e0d47a0e6919" [_thread_blocked, id=12116, stack(0x000000028b300000,0x000000028b400000)]
  0x00000173d0853b60 JavaThread "Framework Event Dispatcher: Equinox Container: d100de49-7293-47e8-b5b8-e0d47a0e6919" daemon [_thread_blocked, id=752, stack(0x000000028b400000,0x000000028b500000)]
  0x00000173d0854040 JavaThread "Start Level: Equinox Container: d100de49-7293-47e8-b5b8-e0d47a0e6919" daemon [_thread_blocked, id=11160, stack(0x000000028b500000,0x000000028b600000)]
  0x00000173d0852300 JavaThread "SCR Component Actor" daemon [_thread_blocked, id=3348, stack(0x000000028b600000,0x000000028b700000)]
  0x00000173d088f060 JavaThread "SCR Component Registry" daemon [_thread_blocked, id=4604, stack(0x000000028b700000,0x000000028b800000)]
  0x00000173d0a934c0 JavaThread "Worker-JM" [_thread_blocked, id=11204, stack(0x000000028b800000,0x000000028b900000)]
  0x00000173d0a94e10 JavaThread "Worker-0" [_thread_blocked, id=9608, stack(0x000000028b900000,0x000000028ba00000)]
  0x00000173d0a94900 JavaThread "Worker-1: Building" [_thread_in_vm, id=5292, stack(0x000000028af00000,0x000000028b000000)]
  0x00000173d0a93ee0 JavaThread "JNA Cleaner" daemon [_thread_blocked, id=7484, stack(0x000000028bb00000,0x000000028bc00000)]
  0x00000173d0a95320 JavaThread "Thread-2" daemon [_thread_in_native, id=7816, stack(0x000000028ba00000,0x000000028bb00000)]
  0x00000173d0a95830 JavaThread "Thread-3" daemon [_thread_in_native, id=4736, stack(0x000000028be00000,0x000000028bf00000)]
  0x00000173d0a943f0 JavaThread "Thread-4" daemon [_thread_in_native, id=6328, stack(0x000000028bf00000,0x000000028c000000)]
  0x00000173d0a92080 JavaThread "Thread-5" daemon [_thread_in_native, id=7500, stack(0x000000028c000000,0x000000028c100000)]
  0x00000173d0a92590 JavaThread "Thread-6" daemon [_thread_in_native, id=12196, stack(0x000000028c100000,0x000000028c200000)]
  0x00000173d0a92aa0 JavaThread "pool-2-thread-1" [_thread_blocked, id=11068, stack(0x000000028c200000,0x000000028c300000)]
  0x00000173d17cdec0 JavaThread "WorkspaceEventsHandler" [_thread_blocked, id=7892, stack(0x000000028c400000,0x000000028c500000)]
  0x00000173d17cfd20 JavaThread "pool-1-thread-1" [_thread_blocked, id=5916, stack(0x000000028c500000,0x000000028c600000)]
  0x00000173d17d1b80 JavaThread "ForkJoinPool.commonPool-worker-1" daemon [_thread_blocked, id=3656, stack(0x000000028c300000,0x000000028c400000)]
  0x00000173d17cd9b0 JavaThread "ForkJoinPool.commonPool-worker-2" daemon [_thread_blocked, id=4416, stack(0x000000028c600000,0x000000028c700000)]
=>0x00000173d1c07a40 JavaThread "C2 CompilerThread1" daemon [_thread_in_native, id=6088, stack(0x000000028c700000,0x000000028c800000)]

Other Threads:
  0x00000173cab36850 VMThread "VM Thread" [stack: 0x000000028a100000,0x000000028a200000] [id=6312]
  0x00000173cff05f40 WatcherThread [stack: 0x000000028ae00000,0x000000028af00000] [id=7700]
  0x00000173b6d14ea0 GCTaskThread "GC Thread#0" [stack: 0x000000028a000000,0x000000028a100000] [id=11292]
  0x00000173d0119b70 GCTaskThread "GC Thread#1" [stack: 0x000000028b000000,0x000000028b100000] [id=2516]
  0x00000173d011a240 GCTaskThread "GC Thread#2" [stack: 0x000000028b100000,0x000000028b200000] [id=1484]
  0x00000173d08e5040 GCTaskThread "GC Thread#3" [stack: 0x000000028b200000,0x000000028b300000] [id=9732]

Threads with active compile tasks:
C1 CompilerThread0     6577 3583  s!   3       sun.net.www.protocol.file.Handler::openConnection (271 bytes)
C2 CompilerThread1     6578 3540   !   4       org.eclipse.osgi.internal.loader.classpath.ClasspathManager::findLocalClass (210 bytes)

VM state: not at safepoint (normal execution)

VM Mutex/Monitor currently owned by a thread: None

Heap address: 0x00000000c0000000, size: 1024 MB, Compressed Oops mode: 32-bit

CDS archive(s) not mapped
Compressed class space mapped at: 0x0000000100000000-0x0000000140000000, reserved size: 1073741824
Narrow klass base: 0x0000000000000000, Narrow klass shift: 3, Narrow klass range: 0x140000000

GC Precious Log:
 CPUs: 4 total, 4 available
 Memory: 8079M
 Large Page Support: Disabled
 NUMA Support: Disabled
 Compressed Oops: Enabled (32-bit)
 Alignments: Space 512K, Generation 512K, Heap 2M
 Heap Min Capacity: 100M
 Heap Initial Capacity: 100M
 Heap Max Capacity: 1G
 Pre-touch: Disabled
 Parallel Workers: 4

Heap:
 PSYoungGen      total 24576K, used 15267K [0x00000000eab00000, 0x00000000ec700000, 0x0000000100000000)
  eden space 23040K, 60% used [0x00000000eab00000,0x00000000eb8af410,0x00000000ec180000)
  from space 1536K, 81% used [0x00000000ec580000,0x00000000ec6b9bb0,0x00000000ec700000)
  to   space 2048K, 0% used [0x00000000ec300000,0x00000000ec300000,0x00000000ec500000)
 ParOldGen       total 68608K, used 12630K [0x00000000c0000000, 0x00000000c4300000, 0x00000000eab00000)
  object space 68608K, 18% used [0x00000000c0000000,0x00000000c0c558e8,0x00000000c4300000)
 Metaspace       used 40037K, committed 40768K, reserved 1114112K
  class space    used 4078K, committed 4416K, reserved 1048576K

Card table byte_map: [0x00000173b66a0000,0x00000173b68b0000] _byte_map_base: 0x00000173b60a0000

Marking Bits: (ParMarkBitMap*) 0x00007ffadf8fd820
 Begin Bits: [0x00000173c89a0000, 0x00000173c99a0000)
 End Bits:   [0x00000173c99a0000, 0x00000173ca9a0000)

Polling page: 0x00000173b4ac0000

Metaspace:

Usage:
  Non-class:     35.12 MB used.
      Class:      3.98 MB used.
       Both:     39.10 MB used.

Virtual space:
  Non-class space:       64.00 MB reserved,      35.50 MB ( 55%) committed,  1 nodes.
      Class space:        1.00 GB reserved,       4.31 MB ( <1%) committed,  1 nodes.
             Both:        1.06 GB reserved,      39.81 MB (  4%) committed. 

Chunk freelists:
   Non-Class:  12.45 MB
       Class:  11.64 MB
        Both:  24.09 MB

MaxMetaspaceSize: unlimited
CompressedClassSpaceSize: 1.00 GB
Initial GC threshold: 21.00 MB
Current GC threshold: 58.38 MB
CDS: off
MetaspaceReclaimPolicy: balanced
 - commit_granule_bytes: 65536.
 - commit_granule_words: 8192.
 - virtual_space_node_default_size: 8388608.
 - enlarge_chunks_in_place: 1.
 - new_chunks_are_fully_committed: 0.
 - uncommit_free_chunks: 1.
 - use_allocation_guard: 0.
 - handle_deallocations: 1.


Internal statistics:

num_allocs_failed_limit: 6.
num_arena_births: 386.
num_arena_deaths: 14.
num_vsnodes_births: 2.
num_vsnodes_deaths: 0.
num_space_committed: 637.
num_space_uncommitted: 0.
num_chunks_returned_to_freelist: 20.
num_chunks_taken_from_freelist: 1668.
num_chunk_merges: 8.
num_chunk_splits: 1075.
num_chunks_enlarged: 707.
num_inconsistent_stats: 0.

CodeHeap 'non-profiled nmethods': size=120000Kb used=1664Kb max_used=1664Kb free=118335Kb
 bounds [0x00000173c1470000, 0x00000173c16e0000, 0x00000173c89a0000]
CodeHeap 'profiled nmethods': size=120000Kb used=7315Kb max_used=7315Kb free=112684Kb
 bounds [0x00000173b99a0000, 0x00000173ba0d0000, 0x00000173c0ed0000]
CodeHeap 'non-nmethods': size=5760Kb used=1297Kb max_used=1323Kb free=4462Kb
 bounds [0x00000173c0ed0000, 0x00000173c1140000, 0x00000173c1470000]
 total_blobs=4213 nmethods=3581 adapters=545
 compilation: enabled
              stopped_count=0, restarted_count=0
 full_count=0

Compilation events (20 events):
Event: 6.418 Thread 0x00000173cfce53a0 3569       3       java.net.URI::checkPath (38 bytes)
Event: 6.419 Thread 0x00000173cfce53a0 nmethod 3569 0x00000173ba0c1610 code [0x00000173ba0c1840, 0x00000173ba0c2048]
Event: 6.421 Thread 0x00000173cfce53a0 3570       3       java.net.URI::<init> (51 bytes)
Event: 6.421 Thread 0x00000173cfce53a0 nmethod 3570 0x00000173ba0c2390 code [0x00000173ba0c2560, 0x00000173ba0c2968]
Event: 6.431 Thread 0x00000173cab70900 3571  s    4       java.util.Hashtable::get (69 bytes)
Event: 6.439 Thread 0x00000173cab70900 nmethod 3571 0x00000173c1608c10 code [0x00000173c1608dc0, 0x00000173c1609578]
Event: 6.444 Thread 0x00000173cab70900 3572       4       java.net.URI$Parser::scan (76 bytes)
Event: 6.447 Thread 0x00000173cfce53a0 3573       3       java.util.Optional::of (12 bytes)
Event: 6.447 Thread 0x00000173cab70900 nmethod 3572 0x00000173c1609910 code [0x00000173c1609ac0, 0x00000173c1609d78]
Event: 6.447 Thread 0x00000173cfce53a0 nmethod 3573 0x00000173ba0c2b10 code [0x00000173ba0c2ce0, 0x00000173ba0c3048]
Event: 6.449 Thread 0x00000173cab70900 3574 %     4       lombok.launch.PackageShader::apply @ 76 (252 bytes)
Event: 6.466 Thread 0x00000173cab70900 nmethod 3574% 0x00000173c160a090 code [0x00000173c160a240, 0x00000173c160ac58]
Event: 6.468 Thread 0x00000173cab70900 3575 %     4       lombok.launch.PackageShader::apply @ 119 (252 bytes)
Event: 6.482 Thread 0x00000173cab70900 nmethod 3575% 0x00000173c160b390 code [0x00000173c160b540, 0x00000173c160bff8]
Event: 6.483 Thread 0x00000173cab70900 3576       4       lombok.launch.PackageShader::apply (252 bytes)
Event: 6.520 Thread 0x00000173cfce53a0 3578       3       java.net.URI::isAbsolute (13 bytes)
Event: 6.520 Thread 0x00000173cfce53a0 nmethod 3578 0x00000173ba0c3190 code [0x00000173ba0c3320, 0x00000173ba0c3498]
Event: 6.522 Thread 0x00000173cab70900 nmethod 3576 0x00000173c160c690 code [0x00000173c160c9a0, 0x00000173c160e388]
Event: 6.523 Thread 0x00000173cab70900 3577       4       java.net.URI$Parser::scan (41 bytes)
Event: 6.526 Thread 0x00000173cab70900 nmethod 3577 0x00000173c160f390 code [0x00000173c160f520, 0x00000173c160f7c8]

GC Heap History (20 events):
Event: 2.637 GC heap before
{Heap before GC invocations=3 (full 0):
 PSYoungGen      total 29696K, used 29667K [0x00000000eab00000, 0x00000000ecc00000, 0x0000000100000000)
  eden space 25600K, 100% used [0x00000000eab00000,0x00000000ec400000,0x00000000ec400000)
  from space 4096K, 99% used [0x00000000ec800000,0x00000000ecbf8f28,0x00000000ecc00000)
  to   space 4096K, 0% used [0x00000000ec400000,0x00000000ec400000,0x00000000ec800000)
 ParOldGen       total 68608K, used 796K [0x00000000c0000000, 0x00000000c4300000, 0x00000000eab00000)
  object space 68608K, 1% used [0x00000000c0000000,0x00000000c00c7370,0x00000000c4300000)
 Metaspace       used 19849K, committed 20224K, reserved 1114112K
  class space    used 2024K, committed 2176K, reserved 1048576K
}
Event: 2.644 GC heap after
{Heap after GC invocations=3 (full 0):
 PSYoungGen      total 29696K, used 4064K [0x00000000eab00000, 0x00000000ecc00000, 0x0000000100000000)
  eden space 25600K, 0% used [0x00000000eab00000,0x00000000eab00000,0x00000000ec400000)
  from space 4096K, 99% used [0x00000000ec400000,0x00000000ec7f82e0,0x00000000ec800000)
  to   space 4096K, 0% used [0x00000000ec800000,0x00000000ec800000,0x00000000ecc00000)
 ParOldGen       total 68608K, used 2452K [0x00000000c0000000, 0x00000000c4300000, 0x00000000eab00000)
  object space 68608K, 3% used [0x00000000c0000000,0x00000000c02650a0,0x00000000c4300000)
 Metaspace       used 19849K, committed 20224K, reserved 1114112K
  class space    used 2024K, committed 2176K, reserved 1048576K
}
Event: 2.783 GC heap before
{Heap before GC invocations=4 (full 0):
 PSYoungGen      total 29696K, used 11066K [0x00000000eab00000, 0x00000000ecc00000, 0x0000000100000000)
  eden space 25600K, 27% used [0x00000000eab00000,0x00000000eb1d6768,0x00000000ec400000)
  from space 4096K, 99% used [0x00000000ec400000,0x00000000ec7f82e0,0x00000000ec800000)
  to   space 4096K, 0% used [0x00000000ec800000,0x00000000ec800000,0x00000000ecc00000)
 ParOldGen       total 68608K, used 2452K [0x00000000c0000000, 0x00000000c4300000, 0x00000000eab00000)
  object space 68608K, 3% used [0x00000000c0000000,0x00000000c02650a0,0x00000000c4300000)
 Metaspace       used 21072K, committed 21504K, reserved 1114112K
  class space    used 2153K, committed 2368K, reserved 1048576K
}
Event: 2.787 GC heap after
{Heap after GC invocations=4 (full 0):
 PSYoungGen      total 29696K, used 4090K [0x00000000eab00000, 0x00000000ecc00000, 0x0000000100000000)
  eden space 25600K, 0% used [0x00000000eab00000,0x00000000eab00000,0x00000000ec400000)
  from space 4096K, 99% used [0x00000000ec800000,0x00000000ecbfeaf0,0x00000000ecc00000)
  to   space 4096K, 0% used [0x00000000ec400000,0x00000000ec400000,0x00000000ec800000)
 ParOldGen       total 68608K, used 2672K [0x00000000c0000000, 0x00000000c4300000, 0x00000000eab00000)
  object space 68608K, 3% used [0x00000000c0000000,0x00000000c029c280,0x00000000c4300000)
 Metaspace       used 21072K, committed 21504K, reserved 1114112K
  class space    used 2153K, committed 2368K, reserved 1048576K
}
Event: 2.788 GC heap before
{Heap before GC invocations=5 (full 1):
 PSYoungGen      total 29696K, used 4090K [0x00000000eab00000, 0x00000000ecc00000, 0x0000000100000000)
  eden space 25600K, 0% used [0x00000000eab00000,0x00000000eab00000,0x00000000ec400000)
  from space 4096K, 99% used [0x00000000ec800000,0x00000000ecbfeaf0,0x00000000ecc00000)
  to   space 4096K, 0% used [0x00000000ec400000,0x00000000ec400000,0x00000000ec800000)
 ParOldGen       total 68608K, used 2672K [0x00000000c0000000, 0x00000000c4300000, 0x00000000eab00000)
  object space 68608K, 3% used [0x00000000c0000000,0x00000000c029c280,0x00000000c4300000)
 Metaspace       used 21072K, committed 21504K, reserved 1114112K
  class space    used 2153K, committed 2368K, reserved 1048576K
}
Event: 2.818 GC heap after
{Heap after GC invocations=5 (full 1):
 PSYoungGen      total 29696K, used 0K [0x00000000eab00000, 0x00000000ecc00000, 0x0000000100000000)
  eden space 25600K, 0% used [0x00000000eab00000,0x00000000eab00000,0x00000000ec400000)
  from space 4096K, 0% used [0x00000000ec800000,0x00000000ec800000,0x00000000ecc00000)
  to   space 4096K, 0% used [0x00000000ec400000,0x00000000ec400000,0x00000000ec800000)
 ParOldGen       total 68608K, used 6639K [0x00000000c0000000, 0x00000000c4300000, 0x00000000eab00000)
  object space 68608K, 9% used [0x00000000c0000000,0x00000000c067bd00,0x00000000c4300000)
 Metaspace       used 21059K, committed 21504K, reserved 1114112K
  class space    used 2149K, committed 2368K, reserved 1048576K
}
Event: 3.111 GC heap before
{Heap before GC invocations=6 (full 1):
 PSYoungGen      total 29696K, used 25600K [0x00000000eab00000, 0x00000000ecc00000, 0x0000000100000000)
  eden space 25600K, 100% used [0x00000000eab00000,0x00000000ec400000,0x00000000ec400000)
  from space 4096K, 0% used [0x00000000ec800000,0x00000000ec800000,0x00000000ecc00000)
  to   space 4096K, 0% used [0x00000000ec400000,0x00000000ec400000,0x00000000ec800000)
 ParOldGen       total 68608K, used 6639K [0x00000000c0000000, 0x00000000c4300000, 0x00000000eab00000)
  object space 68608K, 9% used [0x00000000c0000000,0x00000000c067bd00,0x00000000c4300000)
 Metaspace       used 24099K, committed 24576K, reserved 1114112K
  class space    used 2394K, committed 2624K, reserved 1048576K
}
Event: 3.112 GC heap after
{Heap after GC invocations=6 (full 1):
 PSYoungGen      total 26112K, used 829K [0x00000000eab00000, 0x00000000ec880000, 0x0000000100000000)
  eden space 25088K, 0% used [0x00000000eab00000,0x00000000eab00000,0x00000000ec380000)
  from space 1024K, 81% used [0x00000000ec400000,0x00000000ec4cf688,0x00000000ec500000)
  to   space 2560K, 0% used [0x00000000ec600000,0x00000000ec600000,0x00000000ec880000)
 ParOldGen       total 68608K, used 6647K [0x00000000c0000000, 0x00000000c4300000, 0x00000000eab00000)
  object space 68608K, 9% used [0x00000000c0000000,0x00000000c067dd00,0x00000000c4300000)
 Metaspace       used 24099K, committed 24576K, reserved 1114112K
  class space    used 2394K, committed 2624K, reserved 1048576K
}
Event: 3.381 GC heap before
{Heap before GC invocations=7 (full 1):
 PSYoungGen      total 26112K, used 25917K [0x00000000eab00000, 0x00000000ec880000, 0x0000000100000000)
  eden space 25088K, 100% used [0x00000000eab00000,0x00000000ec380000,0x00000000ec380000)
  from space 1024K, 81% used [0x00000000ec400000,0x00000000ec4cf688,0x00000000ec500000)
  to   space 2560K, 0% used [0x00000000ec600000,0x00000000ec600000,0x00000000ec880000)
 ParOldGen       total 68608K, used 6647K [0x00000000c0000000, 0x00000000c4300000, 0x00000000eab00000)
  object space 68608K, 9% used [0x00000000c0000000,0x00000000c067dd00,0x00000000c4300000)
 Metaspace       used 27284K, committed 27840K, reserved 1114112K
  class space    used 2631K, committed 2880K, reserved 1048576K
}
Event: 3.384 GC heap after
{Heap after GC invocations=7 (full 1):
 PSYoungGen      total 26624K, used 1967K [0x00000000eab00000, 0x00000000ec800000, 0x0000000100000000)
  eden space 24576K, 0% used [0x00000000eab00000,0x00000000eab00000,0x00000000ec300000)
  from space 2048K, 96% used [0x00000000ec600000,0x00000000ec7ebce0,0x00000000ec800000)
  to   space 2560K, 0% used [0x00000000ec300000,0x00000000ec300000,0x00000000ec580000)
 ParOldGen       total 68608K, used 7436K [0x00000000c0000000, 0x00000000c4300000, 0x00000000eab00000)
  object space 68608K, 10% used [0x00000000c0000000,0x00000000c0743210,0x00000000c4300000)
 Metaspace       used 27284K, committed 27840K, reserved 1114112K
  class space    used 2631K, committed 2880K, reserved 1048576K
}
Event: 3.932 GC heap before
{Heap before GC invocations=8 (full 1):
 PSYoungGen      total 26624K, used 26543K [0x00000000eab00000, 0x00000000ec800000, 0x0000000100000000)
  eden space 24576K, 100% used [0x00000000eab00000,0x00000000ec300000,0x00000000ec300000)
  from space 2048K, 96% used [0x00000000ec600000,0x00000000ec7ebce0,0x00000000ec800000)
  to   space 2560K, 0% used [0x00000000ec300000,0x00000000ec300000,0x00000000ec580000)
 ParOldGen       total 68608K, used 7436K [0x00000000c0000000, 0x00000000c4300000, 0x00000000eab00000)
  object space 68608K, 10% used [0x00000000c0000000,0x00000000c0743210,0x00000000c4300000)
 Metaspace       used 30691K, committed 31232K, reserved 1114112K
  class space    used 2957K, committed 3200K, reserved 1048576K
}
Event: 3.936 GC heap after
{Heap after GC invocations=8 (full 1):
 PSYoungGen      total 26624K, used 2531K [0x00000000eab00000, 0x00000000eca80000, 0x0000000100000000)
  eden space 24064K, 0% used [0x00000000eab00000,0x00000000eab00000,0x00000000ec280000)
  from space 2560K, 98% used [0x00000000ec300000,0x00000000ec578cb0,0x00000000ec580000)
  to   space 4096K, 0% used [0x00000000ec680000,0x00000000ec680000,0x00000000eca80000)
 ParOldGen       total 68608K, used 8608K [0x00000000c0000000, 0x00000000c4300000, 0x00000000eab00000)
  object space 68608K, 12% used [0x00000000c0000000,0x00000000c0868210,0x00000000c4300000)
 Metaspace       used 30691K, committed 31232K, reserved 1114112K
  class space    used 2957K, committed 3200K, reserved 1048576K
}
Event: 4.431 GC heap before
{Heap before GC invocations=9 (full 1):
 PSYoungGen      total 26624K, used 26595K [0x00000000eab00000, 0x00000000eca80000, 0x0000000100000000)
  eden space 24064K, 100% used [0x00000000eab00000,0x00000000ec280000,0x00000000ec280000)
  from space 2560K, 98% used [0x00000000ec300000,0x00000000ec578cb0,0x00000000ec580000)
  to   space 4096K, 0% used [0x00000000ec680000,0x00000000ec680000,0x00000000eca80000)
 ParOldGen       total 68608K, used 8608K [0x00000000c0000000, 0x00000000c4300000, 0x00000000eab00000)
  object space 68608K, 12% used [0x00000000c0000000,0x00000000c0868210,0x00000000c4300000)
 Metaspace       used 34300K, committed 34880K, reserved 1114112K
  class space    used 3404K, committed 3648K, reserved 1048576K
}
Event: 4.434 GC heap after
{Heap after GC invocations=9 (full 1):
 PSYoungGen      total 27648K, used 3653K [0x00000000eab00000, 0x00000000eca80000, 0x0000000100000000)
  eden space 23552K, 0% used [0x00000000eab00000,0x00000000eab00000,0x00000000ec200000)
  from space 4096K, 89% used [0x00000000ec680000,0x00000000eca11690,0x00000000eca80000)
  to   space 4096K, 0% used [0x00000000ec280000,0x00000000ec280000,0x00000000ec680000)
 ParOldGen       total 68608K, used 8616K [0x00000000c0000000, 0x00000000c4300000, 0x00000000eab00000)
  object space 68608K, 12% used [0x00000000c0000000,0x00000000c086a210,0x00000000c4300000)
 Metaspace       used 34300K, committed 34880K, reserved 1114112K
  class space    used 3404K, committed 3648K, reserved 1048576K
}
Event: 5.630 GC heap before
{Heap before GC invocations=10 (full 1):
 PSYoungGen      total 27648K, used 9956K [0x00000000eab00000, 0x00000000eca80000, 0x0000000100000000)
  eden space 23552K, 26% used [0x00000000eab00000,0x00000000eb127a38,0x00000000ec200000)
  from space 4096K, 89% used [0x00000000ec680000,0x00000000eca11690,0x00000000eca80000)
  to   space 4096K, 0% used [0x00000000ec280000,0x00000000ec280000,0x00000000ec680000)
 ParOldGen       total 68608K, used 8616K [0x00000000c0000000, 0x00000000c4300000, 0x00000000eab00000)
  object space 68608K, 12% used [0x00000000c0000000,0x00000000c086a210,0x00000000c4300000)
 Metaspace       used 35205K, committed 35840K, reserved 1114112K
  class space    used 3513K, committed 3840K, reserved 1048576K
}
Event: 5.634 GC heap after
{Heap after GC invocations=10 (full 1):
 PSYoungGen      total 26624K, used 2814K [0x00000000eab00000, 0x00000000ec900000, 0x0000000100000000)
  eden space 23552K, 0% used [0x00000000eab00000,0x00000000eab00000,0x00000000ec200000)
  from space 3072K, 91% used [0x00000000ec280000,0x00000000ec53faa0,0x00000000ec580000)
  to   space 3584K, 0% used [0x00000000ec580000,0x00000000ec580000,0x00000000ec900000)
 ParOldGen       total 68608K, used 10114K [0x00000000c0000000, 0x00000000c4300000, 0x00000000eab00000)
  object space 68608K, 14% used [0x00000000c0000000,0x00000000c09e0b68,0x00000000c4300000)
 Metaspace       used 35205K, committed 35840K, reserved 1114112K
  class space    used 3513K, committed 3840K, reserved 1048576K
}
Event: 5.635 GC heap before
{Heap before GC invocations=11 (full 2):
 PSYoungGen      total 26624K, used 2814K [0x00000000eab00000, 0x00000000ec900000, 0x0000000100000000)
  eden space 23552K, 0% used [0x00000000eab00000,0x00000000eab00000,0x00000000ec200000)
  from space 3072K, 91% used [0x00000000ec280000,0x00000000ec53faa0,0x00000000ec580000)
  to   space 3584K, 0% used [0x00000000ec580000,0x00000000ec580000,0x00000000ec900000)
 ParOldGen       total 68608K, used 10114K [0x00000000c0000000, 0x00000000c4300000, 0x00000000eab00000)
  object space 68608K, 14% used [0x00000000c0000000,0x00000000c09e0b68,0x00000000c4300000)
 Metaspace       used 35205K, committed 35840K, reserved 1114112K
  class space    used 3513K, committed 3840K, reserved 1048576K
}
Event: 5.671 GC heap after
{Heap after GC invocations=11 (full 2):
 PSYoungGen      total 26624K, used 0K [0x00000000eab00000, 0x00000000ec900000, 0x0000000100000000)
  eden space 23552K, 0% used [0x00000000eab00000,0x00000000eab00000,0x00000000ec200000)
  from space 3072K, 0% used [0x00000000ec280000,0x00000000ec280000,0x00000000ec580000)
  to   space 3584K, 0% used [0x00000000ec580000,0x00000000ec580000,0x00000000ec900000)
 ParOldGen       total 68608K, used 12622K [0x00000000c0000000, 0x00000000c4300000, 0x00000000eab00000)
  object space 68608K, 18% used [0x00000000c0000000,0x00000000c0c538e8,0x00000000c4300000)
 Metaspace       used 35205K, committed 35840K, reserved 1114112K
  class space    used 3513K, committed 3840K, reserved 1048576K
}
Event: 6.195 GC heap before
{Heap before GC invocations=12 (full 2):
 PSYoungGen      total 26624K, used 23552K [0x00000000eab00000, 0x00000000ec900000, 0x0000000100000000)
  eden space 23552K, 100% used [0x00000000eab00000,0x00000000ec200000,0x00000000ec200000)
  from space 3072K, 0% used [0x00000000ec280000,0x00000000ec280000,0x00000000ec580000)
  to   space 3584K, 0% used [0x00000000ec580000,0x00000000ec580000,0x00000000ec900000)
 ParOldGen       total 68608K, used 12622K [0x00000000c0000000, 0x00000000c4300000, 0x00000000eab00000)
  object space 68608K, 18% used [0x00000000c0000000,0x00000000c0c538e8,0x00000000c4300000)
 Metaspace       used 38624K, committed 39360K, reserved 1114112K
  class space    used 3892K, committed 4224K, reserved 1048576K
}
Event: 6.197 GC heap after
{Heap after GC invocations=12 (full 2):
 PSYoungGen      total 24576K, used 1254K [0x00000000eab00000, 0x00000000ec700000, 0x0000000100000000)
  eden space 23040K, 0% used [0x00000000eab00000,0x00000000eab00000,0x00000000ec180000)
  from space 1536K, 81% used [0x00000000ec580000,0x00000000ec6b9bb0,0x00000000ec700000)
  to   space 2048K, 0% used [0x00000000ec300000,0x00000000ec300000,0x00000000ec500000)
 ParOldGen       total 68608K, used 12630K [0x00000000c0000000, 0x00000000c4300000, 0x00000000eab00000)
  object space 68608K, 18% used [0x00000000c0000000,0x00000000c0c558e8,0x00000000c4300000)
 Metaspace       used 38624K, committed 39360K, reserved 1114112K
  class space    used 3892K, committed 4224K, reserved 1048576K
}

Dll operation events (10 events):
Event: 0.015 Loaded shared library c:\Users\dhand\.vscode\extensions\redhat.java-1.32.0-win32-x64\jre\17.0.11-win32-x86_64\bin\java.dll
Event: 0.234 Loaded shared library c:\Users\dhand\.vscode\extensions\redhat.java-1.32.0-win32-x64\jre\17.0.11-win32-x86_64\bin\zip.dll
Event: 0.238 Loaded shared library C:\Users\dhand\.vscode\extensions\redhat.java-1.32.0-win32-x64\jre\17.0.11-win32-x86_64\bin\instrument.dll
Event: 0.257 Loaded shared library C:\Users\dhand\.vscode\extensions\redhat.java-1.32.0-win32-x64\jre\17.0.11-win32-x86_64\bin\net.dll
Event: 0.260 Loaded shared library C:\Users\dhand\.vscode\extensions\redhat.java-1.32.0-win32-x64\jre\17.0.11-win32-x86_64\bin\nio.dll
Event: 0.267 Loaded shared library C:\Users\dhand\.vscode\extensions\redhat.java-1.32.0-win32-x64\jre\17.0.11-win32-x86_64\bin\zip.dll
Event: 0.290 Loaded shared library C:\Users\dhand\.vscode\extensions\redhat.java-1.32.0-win32-x64\jre\17.0.11-win32-x86_64\bin\jimage.dll
Event: 0.382 Loaded shared library c:\Users\dhand\.vscode\extensions\redhat.java-1.32.0-win32-x64\jre\17.0.11-win32-x86_64\bin\verify.dll
Event: 1.868 Loaded shared library C:\Users\dhand\AppData\Roaming\Code\User\globalStorage\redhat.java\1.32.0\config_ss_win\org.eclipse.equinox.launcher\org.eclipse.equinox.launcher.win32.win32.x86_64_1.2.1100.v20240613-2013\eclipse_11903.dll
Event: 4.091 Loaded shared library C:\Users\dhand\AppData\Local\Temp\jna-1028864195\jna2410012072027303662.dll

Deoptimization events (20 events):
Event: 6.263 Thread 0x00000173d0a94900 DEOPT PACKING pc=0x00000173b9f5431e sp=0x000000028affdcb0
Event: 6.263 Thread 0x00000173d0a94900 DEOPT UNPACKING pc=0x00000173c0f26e43 sp=0x000000028affd1a8 mode 0
Event: 6.263 Thread 0x00000173d0a94900 DEOPT PACKING pc=0x00000173b9f5431e sp=0x000000028affdcb0
Event: 6.263 Thread 0x00000173d0a94900 DEOPT UNPACKING pc=0x00000173c0f26e43 sp=0x000000028affd1a8 mode 0
Event: 6.337 Thread 0x00000173d0a94900 Uncommon trap: trap_request=0xffffffbe fr.pc=0x00000173c1602d54 relative=0x0000000000001334
Event: 6.337 Thread 0x00000173d0a94900 Uncommon trap: reason=profile_predicate action=maybe_recompile pc=0x00000173c1602d54 method=java.util.Properties.load0(Ljava/util/Properties$LineReader;)V @ 29 c2
Event: 6.338 Thread 0x00000173d0a94900 DEOPT PACKING pc=0x00000173c1602d54 sp=0x000000028affd8f0
Event: 6.338 Thread 0x00000173d0a94900 DEOPT UNPACKING pc=0x00000173c0f266a3 sp=0x000000028affd8c8 mode 2
Event: 6.348 Thread 0x00000173d0a94900 Uncommon trap: trap_request=0xffffffbe fr.pc=0x00000173c1602d54 relative=0x0000000000001334
Event: 6.348 Thread 0x00000173d0a94900 Uncommon trap: reason=profile_predicate action=maybe_recompile pc=0x00000173c1602d54 method=java.util.Properties.load0(Ljava/util/Properties$LineReader;)V @ 29 c2
Event: 6.348 Thread 0x00000173d0a94900 DEOPT PACKING pc=0x00000173c1602d54 sp=0x000000028affd8f0
Event: 6.348 Thread 0x00000173d0a94900 DEOPT UNPACKING pc=0x00000173c0f266a3 sp=0x000000028affd8c8 mode 2
Event: 6.478 Thread 0x00000173d0a94900 DEOPT PACKING pc=0x00000173b9e8a445 sp=0x000000028aff93d0
Event: 6.478 Thread 0x00000173d0a94900 DEOPT UNPACKING pc=0x00000173c0f26e43 sp=0x000000028aff8880 mode 0
Event: 6.483 Thread 0x00000173d0a94900 DEOPT PACKING pc=0x00000173b9e8a48c sp=0x000000028affcd20
Event: 6.483 Thread 0x00000173d0a94900 DEOPT UNPACKING pc=0x00000173c0f26e43 sp=0x000000028affc1d0 mode 0
Event: 6.510 Thread 0x00000173d0a94900 DEOPT PACKING pc=0x00000173b9e8a445 sp=0x000000028affcc60
Event: 6.510 Thread 0x00000173d0a94900 DEOPT UNPACKING pc=0x00000173c0f26e43 sp=0x000000028affc110 mode 0
Event: 6.515 Thread 0x00000173d0a94900 DEOPT PACKING pc=0x00000173b9a18409 sp=0x000000028aff91e0
Event: 6.515 Thread 0x00000173d0a94900 DEOPT UNPACKING pc=0x00000173c0f26e43 sp=0x000000028aff86d8 mode 0

Classes unloaded (7 events):
Event: 2.795 Thread 0x00000173cab36850 Unloading class 0x000000010021a400 'java/lang/invoke/LambdaForm$MH+0x000000010021a400'
Event: 2.795 Thread 0x00000173cab36850 Unloading class 0x000000010021a000 'java/lang/invoke/LambdaForm$MH+0x000000010021a000'
Event: 2.795 Thread 0x00000173cab36850 Unloading class 0x0000000100219c00 'java/lang/invoke/LambdaForm$MH+0x0000000100219c00'
Event: 2.795 Thread 0x00000173cab36850 Unloading class 0x0000000100219800 'java/lang/invoke/LambdaForm$MH+0x0000000100219800'
Event: 2.795 Thread 0x00000173cab36850 Unloading class 0x0000000100219400 'java/lang/invoke/LambdaForm$BMH+0x0000000100219400'
Event: 2.795 Thread 0x00000173cab36850 Unloading class 0x0000000100219000 'java/lang/invoke/LambdaForm$DMH+0x0000000100219000'
Event: 2.795 Thread 0x00000173cab36850 Unloading class 0x0000000100214400 'java/lang/invoke/LambdaForm$DMH+0x0000000100214400'

Classes redefined (0 events):
No events

Internal exceptions (20 events):
Event: 5.947 Thread 0x00000173d17cd9b0 Exception <a 'sun/nio/fs/WindowsException'{0x00000000eb4e49e8}> (0x00000000eb4e49e8) 
thrown [s\src\hotspot\share\prims\jni.cpp, line 516]
Event: 5.947 Thread 0x00000173d17cd9b0 Exception <a 'sun/nio/fs/WindowsException'{0x00000000eb4e54f0}> (0x00000000eb4e54f0) 
thrown [s\src\hotspot\share\prims\jni.cpp, line 516]
Event: 5.950 Thread 0x00000173d17cd9b0 Exception <a 'sun/nio/fs/WindowsException'{0x00000000eb4fc548}> (0x00000000eb4fc548) 
thrown [s\src\hotspot\share\prims\jni.cpp, line 516]
Event: 5.950 Thread 0x00000173d17cd9b0 Exception <a 'sun/nio/fs/WindowsException'{0x00000000eb4fd050}> (0x00000000eb4fd050) 
thrown [s\src\hotspot\share\prims\jni.cpp, line 516]
Event: 5.958 Thread 0x00000173d17cd9b0 Exception <a 'sun/nio/fs/WindowsException'{0x00000000eb50fcf0}> (0x00000000eb50fcf0) 
thrown [s\src\hotspot\share\prims\jni.cpp, line 516]
Event: 5.958 Thread 0x00000173d17cd9b0 Exception <a 'sun/nio/fs/WindowsException'{0x00000000eb5107f8}> (0x00000000eb5107f8) 
thrown [s\src\hotspot\share\prims\jni.cpp, line 516]
Event: 5.960 Thread 0x00000173d17cd9b0 Exception <a 'sun/nio/fs/WindowsException'{0x00000000eb512070}> (0x00000000eb512070) 
thrown [s\src\hotspot\share\prims\jni.cpp, line 516]
Event: 5.960 Thread 0x00000173d17cd9b0 Exception <a 'sun/nio/fs/WindowsException'{0x00000000eb512950}> (0x00000000eb512950) 
thrown [s\src\hotspot\share\prims\jni.cpp, line 516]
Event: 5.960 Thread 0x00000173d17cd9b0 Exception <a 'sun/nio/fs/WindowsException'{0x00000000eb513540}> (0x00000000eb513540) 
thrown [s\src\hotspot\share\prims\jni.cpp, line 516]
Event: 5.960 Thread 0x00000173d17cd9b0 Exception <a 'sun/nio/fs/WindowsException'{0x00000000eb513e20}> (0x00000000eb513e20) 
thrown [s\src\hotspot\share\prims\jni.cpp, line 516]
Event: 5.962 Thread 0x00000173d17cd9b0 Exception <a 'sun/nio/fs/WindowsException'{0x00000000eb514a90}> (0x00000000eb514a90) 
thrown [s\src\hotspot\share\prims\jni.cpp, line 516]
Event: 5.962 Thread 0x00000173d17cd9b0 Exception <a 'sun/nio/fs/WindowsException'{0x00000000eb515370}> (0x00000000eb515370) 
thrown [s\src\hotspot\share\prims\jni.cpp, line 516]
Event: 5.984 Thread 0x00000173d17cd9b0 Exception <a 'java/lang/NoSuchMethodError'{0x00000000eb54f098}: 'void java.lang.invoke.DirectMethodHandle$Holder.invokeVirtual(java.lang.Object, java.lang.Object, java.lang.Object, java.lang.Object)'> (0x00000000eb54f098) 
thrown [s\src\hotspot\share\interpreter\linkResolver.cpp, line 759]
Event: 6.009 Thread 0x00000173d0a94900 Exception <a 'java/lang/NoSuchMethodError'{0x00000000eb643b00}: 'java.lang.Object java.lang.invoke.DirectMethodHandle$Holder.newInvokeSpecial(java.lang.Object, java.lang.Object, java.lang.Object, java.lang.Object, java.lang.Object, java.lang.Object)'> (0x00000000eb643b00) 
thrown [s\src\hotspot\share\interpreter\linkResolver.cpp, line 759]
Event: 6.069 Thread 0x00000173d0a94900 Exception <a 'java/io/FileNotFoundException'{0x00000000eb9b9a90}> (0x00000000eb9b9a90) 
thrown [s\src\hotspot\share\prims\jni.cpp, line 516]
Event: 6.069 Thread 0x00000173d0a94900 Exception <a 'java/io/FileNotFoundException'{0x00000000eb9baa80}> (0x00000000eb9baa80) 
thrown [s\src\hotspot\share\prims\jni.cpp, line 516]
Event: 6.069 Thread 0x00000173d0a94900 Exception <a 'java/io/FileNotFoundException'{0x00000000eb9e2118}> (0x00000000eb9e2118) 
thrown [s\src\hotspot\share\prims\jni.cpp, line 516]
Event: 6.069 Thread 0x00000173d0a94900 Exception <a 'java/io/FileNotFoundException'{0x00000000eb9e33b8}> (0x00000000eb9e33b8) 
thrown [s\src\hotspot\share\prims\jni.cpp, line 516]
Event: 6.070 Thread 0x00000173d0a94900 Exception <a 'java/io/FileNotFoundException'{0x00000000eb9e43c8}> (0x00000000eb9e43c8) 
thrown [s\src\hotspot\share\prims\jni.cpp, line 516]
Event: 6.386 Thread 0x00000173d17cfd20 Exception <a 'java/lang/LinkageError'{0x00000000eb2a0668}: loader lombok.launch.ShadowClassLoader @a6877ff attempted duplicate class definition for lombok.launch.PatchFixesHider$Transform. (lombok.launch.PatchFixesHider$Transform is in unnamed module of loader lombok.launch.ShadowClassLoader @a6877ff, parent loader org.eclipse.osgi.internal.loader.EquinoxClassLoader @2b7fa0b)> (0x00000000eb2a0668) 
thrown [s\src\hotspot\share\classfile\systemDictionary.cpp, line 1723]

VM Operations (20 events):
Event: 3.932 Executing VM operation: ParallelGCFailedAllocation
Event: 3.936 Executing VM operation: ParallelGCFailedAllocation done
Event: 3.953 Executing VM operation: HandshakeAllThreads
Event: 3.953 Executing VM operation: HandshakeAllThreads done
Event: 4.105 Executing VM operation: HandshakeAllThreads
Event: 4.105 Executing VM operation: HandshakeAllThreads done
Event: 4.431 Executing VM operation: ParallelGCFailedAllocation
Event: 4.435 Executing VM operation: ParallelGCFailedAllocation done
Event: 5.444 Executing VM operation: Cleanup
Event: 5.444 Executing VM operation: Cleanup done
Event: 5.545 Executing VM operation: HandshakeAllThreads
Event: 5.545 Executing VM operation: HandshakeAllThreads done
Event: 5.630 Executing VM operation: CollectForMetadataAllocation
Event: 5.671 Executing VM operation: CollectForMetadataAllocation done
Event: 5.884 Executing VM operation: HandshakeAllThreads
Event: 5.909 Executing VM operation: HandshakeAllThreads done
Event: 6.003 Executing VM operation: HandshakeAllThreads
Event: 6.003 Executing VM operation: HandshakeAllThreads done
Event: 6.194 Executing VM operation: ParallelGCFailedAllocation
Event: 6.198 Executing VM operation: ParallelGCFailedAllocation done

Events (20 events):
Event: 5.934 loading class java/util/ArrayDeque$DeqSpliterator done
Event: 5.934 loading class java/io/UncheckedIOException
Event: 5.934 loading class java/io/UncheckedIOException done
Event: 5.951 loading class sun/net/www/protocol/https/Handler
Event: 5.951 loading class sun/net/www/protocol/http/Handler
Event: 5.951 loading class sun/net/www/protocol/http/Handler done
Event: 5.951 loading class sun/net/www/protocol/https/Handler done
Event: 6.027 loading class sun/nio/cs/ThreadLocalCoders
Event: 6.027 loading class sun/nio/cs/ThreadLocalCoders done
Event: 6.027 loading class sun/nio/cs/ThreadLocalCoders$1
Event: 6.027 loading class sun/nio/cs/ThreadLocalCoders$Cache
Event: 6.027 loading class sun/nio/cs/ThreadLocalCoders$Cache done
Event: 6.027 loading class sun/nio/cs/ThreadLocalCoders$1 done
Event: 6.027 loading class sun/nio/cs/ThreadLocalCoders$2
Event: 6.027 loading class sun/nio/cs/ThreadLocalCoders$2 done
Event: 6.085 Thread 0x00000173d1c07a40 Thread added: 0x00000173d1c07a40
Event: 6.097 loading class java/lang/ExceptionInInitializerError
Event: 6.097 loading class java/lang/ExceptionInInitializerError done
Event: 6.098 loading class java/util/zip/CheckedInputStream
Event: 6.099 loading class java/util/zip/CheckedInputStream done


Dynamic libraries:
0x00007ff7a0ee0000 - 0x00007ff7a0eee000 	c:\Users\dhand\.vscode\extensions\redhat.java-1.32.0-win32-x64\jre\17.0.11-win32-x86_64\bin\java.exe
0x00007ffb158b0000 - 0x00007ffb15aa8000 	C:\Windows\SYSTEM32\ntdll.dll
0x00007ffb14660000 - 0x00007ffb14721000 	C:\Windows\System32\KERNEL32.DLL
0x00007ffb135b0000 - 0x00007ffb138a6000 	C:\Windows\System32\KERNELBASE.dll
0x00007ffb12f60000 - 0x00007ffb13060000 	C:\Windows\System32\ucrtbase.dll
0x00007ffb0cc50000 - 0x00007ffb0cc67000 	c:\Users\dhand\.vscode\extensions\redhat.java-1.32.0-win32-x64\jre\17.0.11-win32-x86_64\bin\jli.dll
0x00007ffb148c0000 - 0x00007ffb14a5f000 	C:\Windows\System32\USER32.dll
0x00007ffb138b0000 - 0x00007ffb138d2000 	C:\Windows\System32\win32u.dll
0x00007ffb13a80000 - 0x00007ffb13aab000 	C:\Windows\System32\GDI32.dll
0x00007ffb132d0000 - 0x00007ffb133e7000 	C:\Windows\System32\gdi32full.dll
0x00007ffb13510000 - 0x00007ffb135ad000 	C:\Windows\System32\msvcp_win.dll
0x00007ffb06680000 - 0x00007ffb0669b000 	c:\Users\dhand\.vscode\extensions\redhat.java-1.32.0-win32-x64\jre\17.0.11-win32-x86_64\bin\VCRUNTIME140.dll
0x00007ffafbf60000 - 0x00007ffafc1fa000 	C:\Windows\WinSxS\amd64_microsoft.windows.common-controls_6595b64144ccf1df_6.0.19041.4355_none_60b8b9eb71f62e16\COMCTL32.dll
0x00007ffb138e0000 - 0x00007ffb1397e000 	C:\Windows\System32\msvcrt.dll
0x00007ffb13bc0000 - 0x00007ffb13bef000 	C:\Windows\System32\IMM32.DLL
0x00007ffb10740000 - 0x00007ffb1074c000 	c:\Users\dhand\.vscode\extensions\redhat.java-1.32.0-win32-x64\jre\17.0.11-win32-x86_64\bin\vcruntime140_1.dll
0x00007ffafbb70000 - 0x00007ffafbbfd000 	c:\Users\dhand\.vscode\extensions\redhat.java-1.32.0-win32-x64\jre\17.0.11-win32-x86_64\bin\msvcp140.dll
0x00007ffaded60000 - 0x00007ffadf9c2000 	c:\Users\dhand\.vscode\extensions\redhat.java-1.32.0-win32-x64\jre\17.0.11-win32-x86_64\bin\server\jvm.dll
0x00007ffb15690000 - 0x00007ffb15740000 	C:\Windows\System32\ADVAPI32.dll
0x00007ffb13980000 - 0x00007ffb13a20000 	C:\Windows\System32\sechost.dll
0x00007ffb154d0000 - 0x00007ffb155f3000 	C:\Windows\System32\RPCRT4.dll
0x00007ffb13140000 - 0x00007ffb13167000 	C:\Windows\System32\bcrypt.dll
0x00007ffb12db0000 - 0x00007ffb12dfb000 	C:\Windows\SYSTEM32\POWRPROF.dll
0x00007ffb01f80000 - 0x00007ffb01f89000 	C:\Windows\SYSTEM32\WSOCK32.dll
0x00007ffb14af0000 - 0x00007ffb14b5b000 	C:\Windows\System32\WS2_32.dll
0x00007ffb042c0000 - 0x00007ffb042e7000 	C:\Windows\SYSTEM32\WINMM.dll
0x00007ffb10ea0000 - 0x00007ffb10eaa000 	C:\Windows\SYSTEM32\VERSION.dll
0x00007ffb12d90000 - 0x00007ffb12da2000 	C:\Windows\SYSTEM32\UMPDC.dll
0x00007ffb11750000 - 0x00007ffb11762000 	C:\Windows\SYSTEM32\kernel.appcore.dll
0x00007ffb0fc90000 - 0x00007ffb0fc9a000 	c:\Users\dhand\.vscode\extensions\redhat.java-1.32.0-win32-x64\jre\17.0.11-win32-x86_64\bin\jimage.dll
0x00007ffb01a30000 - 0x00007ffb01c14000 	C:\Windows\SYSTEM32\DBGHELP.DLL
0x00007ffb01060000 - 0x00007ffb01094000 	C:\Windows\SYSTEM32\dbgcore.DLL
0x00007ffb130b0000 - 0x00007ffb13132000 	C:\Windows\System32\bcryptPrimitives.dll
0x00007ffb0fc60000 - 0x00007ffb0fc6e000 	c:\Users\dhand\.vscode\extensions\redhat.java-1.32.0-win32-x64\jre\17.0.11-win32-x86_64\bin\instrument.dll
0x00007ffb053f0000 - 0x00007ffb05415000 	c:\Users\dhand\.vscode\extensions\redhat.java-1.32.0-win32-x64\jre\17.0.11-win32-x86_64\bin\java.dll
0x00007ffb06010000 - 0x00007ffb06028000 	c:\Users\dhand\.vscode\extensions\redhat.java-1.32.0-win32-x64\jre\17.0.11-win32-x86_64\bin\zip.dll
0x00007ffb14c30000 - 0x00007ffb1539c000 	C:\Windows\System32\SHELL32.dll
0x00007ffb10fa0000 - 0x00007ffb1173e000 	C:\Windows\SYSTEM32\windows.storage.dll
0x00007ffb13bf0000 - 0x00007ffb13f43000 	C:\Windows\System32\combase.dll
0x00007ffb127d0000 - 0x00007ffb127fe000 	C:\Windows\SYSTEM32\Wldp.dll
0x00007ffb14b60000 - 0x00007ffb14c2d000 	C:\Windows\System32\OLEAUT32.dll
0x00007ffb153a0000 - 0x00007ffb1544d000 	C:\Windows\System32\SHCORE.dll
0x00007ffb13ab0000 - 0x00007ffb13b05000 	C:\Windows\System32\shlwapi.dll
0x00007ffb12e90000 - 0x00007ffb12eb4000 	C:\Windows\SYSTEM32\profapi.dll
0x00007ffb05fd0000 - 0x00007ffb05fe9000 	C:\Users\dhand\.vscode\extensions\redhat.java-1.32.0-win32-x64\jre\17.0.11-win32-x86_64\bin\net.dll
0x00007ffb0d880000 - 0x00007ffb0d98a000 	C:\Windows\SYSTEM32\WINHTTP.dll
0x00007ffb125b0000 - 0x00007ffb1261a000 	C:\Windows\system32\mswsock.dll
0x00007ffb05720000 - 0x00007ffb05736000 	C:\Users\dhand\.vscode\extensions\redhat.java-1.32.0-win32-x64\jre\17.0.11-win32-x86_64\bin\nio.dll
0x00007ffb0da60000 - 0x00007ffb0da70000 	c:\Users\dhand\.vscode\extensions\redhat.java-1.32.0-win32-x64\jre\17.0.11-win32-x86_64\bin\verify.dll
0x00007ffaff100000 - 0x00007ffaff144000 	C:\Users\dhand\AppData\Roaming\Code\User\globalStorage\redhat.java\1.32.0\config_ss_win\org.eclipse.equinox.launcher\org.eclipse.equinox.launcher.win32.win32.x86_64_1.2.1100.v20240613-2013\eclipse_11903.dll
0x00007ffb14790000 - 0x00007ffb148bb000 	C:\Windows\System32\ole32.dll
0x00007ffb12b10000 - 0x00007ffb12b28000 	C:\Windows\SYSTEM32\CRYPTSP.dll
0x00007ffb11ef0000 - 0x00007ffb11f24000 	C:\Windows\system32\rsaenh.dll
0x00007ffb12e00000 - 0x00007ffb12e2e000 	C:\Windows\SYSTEM32\USERENV.dll
0x00007ffb12740000 - 0x00007ffb1274c000 	C:\Windows\SYSTEM32\CRYPTBASE.dll
0x00007ffb122b0000 - 0x00007ffb122eb000 	C:\Windows\SYSTEM32\IPHLPAPI.DLL
0x00007ffb13f50000 - 0x00007ffb13f58000 	C:\Windows\System32\NSI.dll
0x00007ffb0d3b0000 - 0x00007ffb0d3c7000 	C:\Windows\SYSTEM32\dhcpcsvc6.DLL
0x00007ffb0d390000 - 0x00007ffb0d3ad000 	C:\Windows\SYSTEM32\dhcpcsvc.DLL
0x00007ffb122f0000 - 0x00007ffb123ba000 	C:\Windows\SYSTEM32\DNSAPI.dll
0x00007ffafc210000 - 0x00007ffafc255000 	C:\Users\dhand\AppData\Local\Temp\jna-1028864195\jna2410012072027303662.dll
0x00007ffb15740000 - 0x00007ffb15748000 	C:\Windows\System32\PSAPI.DLL

dbghelp: loaded successfully - version: 4.0.5 - missing functions: none
symbol engine: initialized successfully - sym options: 0x614 - pdb path: .;c:\Users\dhand\.vscode\extensions\redhat.java-1.32.0-win32-x64\jre\17.0.11-win32-x86_64\bin;C:\Windows\SYSTEM32;C:\Windows\WinSxS\amd64_microsoft.windows.common-controls_6595b64144ccf1df_6.0.19041.4355_none_60b8b9eb71f62e16;c:\Users\dhand\.vscode\extensions\redhat.java-1.32.0-win32-x64\jre\17.0.11-win32-x86_64\bin\server;C:\Users\dhand\AppData\Roaming\Code\User\globalStorage\redhat.java\1.32.0\config_ss_win\org.eclipse.equinox.launcher\org.eclipse.equinox.launcher.win32.win32.x86_64_1.2.1100.v20240613-2013;C:\Users\dhand\AppData\Local\Temp\jna-1028864195

VM Arguments:
jvm_args: --add-modules=ALL-SYSTEM --add-opens=java.base/java.util=ALL-UNNAMED --add-opens=java.base/java.lang=ALL-UNNAMED --add-opens=java.base/sun.nio.fs=ALL-UNNAMED -Declipse.application=org.eclipse.jdt.ls.core.id1 -Dosgi.bundles.defaultStartLevel=4 -Declipse.product=org.eclipse.jdt.ls.core.product -Djava.import.generatesMetadataFilesAtProjectRoot=false -DDetectVMInstallationsJob.disabled=true -Dfile.encoding=utf8 -XX:+UseParallelGC -XX:GCTimeRatio=4 -XX:AdaptiveSizePolicyWeight=90 -Dsun.zip.disableMemoryMapping=true -Xmx1G -Xms100m -Xlog:disable -javaagent:c:\Users\dhand\.vscode\extensions\redhat.java-1.32.0-win32-x64\lombok\lombok-1.18.33.jar 
java_command: c:\Users\dhand\.vscode\extensions\redhat.java-1.32.0-win32-x64\server\plugins\org.eclipse.equinox.launcher_1.6.900.v20240613-2009.jar -configuration c:\Users\dhand\AppData\Roaming\Code\User\globalStorage\redhat.java\1.32.0\config_ss_win -data c:\Users\dhand\AppData\Roaming\Code\User\workspaceStorage\8a249f47ae972f4007202459d8a3d798\redhat.java\ss_ws --pipe=\\.\pipe\lsp-caf875e98b7ae08884e6874797763a7f-sock
java_class_path (initial): c:\Users\dhand\.vscode\extensions\redhat.java-1.32.0-win32-x64\server\plugins\org.eclipse.equinox.launcher_1.6.900.v20240613-2009.jar
Launcher Type: SUN_STANDARD

[Global flags]
    uintx AdaptiveSizePolicyWeight                 = 90                                        {product} {command line}
     intx CICompilerCount                          = 3                                         {product} {ergonomic}
    uintx GCTimeRatio                              = 4                                         {product} {command line}
   size_t InitialHeapSize                          = 104857600                                 {product} {command line}
   size_t MaxHeapSize                              = 1073741824                                {product} {command line}
   size_t MaxNewSize                               = 357564416                                 {product} {ergonomic}
   size_t MinHeapDeltaBytes                        = 524288                                    {product} {ergonomic}
   size_t MinHeapSize                              = 104857600                                 {product} {command line}
   size_t NewSize                                  = 34603008                                  {product} {ergonomic}
    uintx NonNMethodCodeHeapSize                   = 5832780                                {pd product} {ergonomic}
    uintx NonProfiledCodeHeapSize                  = 122912730                              {pd product} {ergonomic}
   size_t OldSize                                  = 70254592                                  {product} {ergonomic}
    uintx ProfiledCodeHeapSize                     = 122912730                              {pd product} {ergonomic}
    uintx ReservedCodeCacheSize                    = 251658240                              {pd product} {ergonomic}
     bool SegmentedCodeCache                       = true                                      {product} {ergonomic}
   size_t SoftMaxHeapSize                          = 1073741824                             {manageable} {ergonomic}
     bool UseCompressedClassPointers               = true                           {product lp64_product} {ergonomic}
     bool UseCompressedOops                        = true                           {product lp64_product} {ergonomic}
     bool UseLargePagesIndividualAllocation        = false                                  {pd product} {ergonomic}
     bool UseParallelGC                            = true                                      {product} {command line}

Logging:
Log output configuration:
 #0: stdout all=off uptime,level,tags
 #1: stderr all=off uptime,level,tags

Environment Variables:
PATH=C:\Program Files\Common Files\Oracle\Java\javapath;C:\Python312\Scripts\;C:\Python312\;C:\Python34\;C:\Python34\Scripts;C:\Program Files (x86)\Common Files\Oracle\Java\java8path;C:\Program Files (x86)\Common Files\Oracle\Java\javapath;C:\Windows\system32;C:\Windows;C:\Windows\System32\Wbem;C:\Windows\System32\WindowsPowerShell\v1.0\;C:\Windows\System32\OpenSSH\;C:\Program Files (x86)\Intel\OpenCL SDK\3.0\bin\x86;C:\Program Files (x86)\Intel\OpenCL SDK\3.0\bin\x64;C:\Program Files\nodejs\;C:\ProgramData\chocolatey\bin;C:\Program Files\Git\cmd;C:\Program Files\CMake\bin;C:\Program Files\dotnet\;C:\Users\dhand\AppData\Local\Microsoft\WindowsApps;C:\Users\dhand\AppData\Local\Microsoft\WinGet\Packages\Genymobile.scrcpy_Microsoft.Winget.Source_8wekyb3d8bbwe\scrcpy-win64-v2.3.1;C:\Users\dhand\AppData\Local\Programs\Microsoft VS Code\bin;C:\Users\dhand\AppData\Roaming\npm;C:\Users\dhand\AppData\Local\GitHubDesktop\bin;C:\Users\dhand\AppData\Local\Pandoc\;C:\Users\dhand\AppData\Local\Microsoft\WinGet\Packages\Schniz.fnm_Microsoft.Winget.Source_8wekyb3d8bbwe;C:\Program Files\yt-dlp;C:\Users\dhand\AppData\Local\Microsoft\WinGet\Packages\Gyan.FFmpeg_Microsoft.Winget.Source_8wekyb3d8bbwe\ffmpeg-7.0.1-full_build\bin;C:\Users\dhand\AppData\Local\Programs\oh-my-posh\bin;C:\Users\dhand\.dotnet\tools;'C:\Users\dhand\AppData\Roaming\Python\Python312\Scripts;C:\cygwin64\bin;C:\Program Files (x86)\Nmap
USERNAME=WireBot34
OS=Windows_NT
PROCESSOR_IDENTIFIER=Intel64 Family 6 Model 58 Stepping 9, GenuineIntel
TMP=C:\Users\dhand\AppData\Local\Temp
TEMP=C:\Users\dhand\AppData\Local\Temp



Periodic native trim disabled


---------------  S Y S T E M  ---------------

OS:
 Windows 10 , 64 bit Build 19041 (10.0.19041.4597)
OS uptime: 0 days 0:41 hours
Hyper-V role detected

CPU: total 4 (initial active 4) (4 cores per cpu, 1 threads per core) family 6 model 58 stepping 9 microcode 0x21, cx8, cmov, fxsr, mmx, sse, sse2, sse3, ssse3, sse4.1, sse4.2, popcnt, tsc, tscinvbit, avx, aes, erms, clmul, vzeroupper, clflush, hv
Processor Information for all 4 processors :
  Max Mhz: 3201, Current Mhz: 3201, Mhz Limit: 3201

Memory: 4k page, system-wide physical 8079M (791M free)
TotalPageFile size 8079M (AvailPageFile size 2M)
current process WorkingSet (physical memory assigned to process): 157M, peak: 158M
current process commit charge ("private bytes"): 244M, peak: 248M

vm_info: OpenJDK 64-Bit Server VM (17.0.11+9) for windows-amd64 JRE (17.0.11+9), built on Apr 17 2024 06:07:48 by "admin" with MS VC++ 16.10 / 16.11 (VS2019)

END.
